"../../../Engine/Plugins/2D/Paper2D/Content/PlaceholderTextures/DummySpriteTexture.ubulk" 0
"../../../Engine/Plugins/2D/Paper2D/Content/PlaceholderTextures/DummySpriteTexture.uasset" 1
"../../../Engine/Plugins/2D/Paper2D/Content/PlaceholderTextures/DummySpriteTexture.uexp" 2
"../../../Engine/Plugins/2D/Paper2D/Content/DummySprite.uasset" 3
"../../../Engine/Plugins/2D/Paper2D/Content/DummySprite.uexp" 4
"../../../Engine/Plugins/2D/Paper2D/Content/DefaultPaperTerrainMaterial.uasset" 5
"../../../Engine/Plugins/2D/Paper2D/Content/DefaultPaperTerrainMaterial.uexp" 6
"../../../Engine/Plugins/Animation/ACLPlugin/Content/ACLAnimBoneCompressionSettings.uasset" 7
"../../../Engine/Plugins/Animation/ACLPlugin/Content/ACLAnimBoneCompressionSettings.uexp" 8
"../../../Engine/Content/EngineSounds/Master.uasset" 9
"../../../Engine/Content/EngineSounds/Master.uexp" 10
"../../../Engine/Content/EngineMaterials/DefaultPhysicalMaterial.uasset" 11
"../../../Engine/Content/EngineMaterials/DefaultPhysicalMaterial.uexp" 12
"../../../Engine/Content/EngineMaterials/DefaultDestructiblePhysicalMaterial.uasset" 13
"../../../Engine/Content/EngineMaterials/DefaultDestructiblePhysicalMaterial.uexp" 14
"../../../Engine/Content/EngineFonts/Faces/DroidSansFallback.uexp" 15
"../../../Engine/Content/EngineFonts/Faces/DroidSansFallback.uasset" 16
"../../../Engine/Content/EngineFonts/Faces/DroidSansFallback.ufont" 17
"../../../Engine/Content/EngineFonts/Faces/RobotoRegular.uexp" 18
"../../../Engine/Content/EngineFonts/Faces/RobotoRegular.uasset" 19
"../../../Engine/Content/EngineFonts/Faces/RobotoRegular.ufont" 20
"../../../Engine/Content/EngineFonts/Faces/RobotoLight.uexp" 21
"../../../Engine/Content/EngineFonts/Faces/RobotoLight.uasset" 22
"../../../Engine/Content/EngineFonts/Faces/RobotoLight.ufont" 23
"../../../Engine/Content/EngineFonts/Faces/RobotoItalic.uexp" 24
"../../../Engine/Content/EngineFonts/Faces/RobotoItalic.uasset" 25
"../../../Engine/Content/EngineFonts/Faces/RobotoItalic.ufont" 26
"../../../Engine/Content/EngineFonts/Faces/RobotoBoldItalic.uexp" 27
"../../../Engine/Content/EngineFonts/Faces/RobotoBoldItalic.uasset" 28
"../../../Engine/Content/EngineFonts/Faces/RobotoBoldItalic.ufont" 29
"../../../Engine/Content/EngineFonts/Faces/RobotoBold.uexp" 30
"../../../Engine/Content/EngineFonts/Faces/RobotoBold.uasset" 31
"../../../Engine/Content/EngineFonts/Faces/RobotoBold.ufont" 32
"../../../Engine/Content/EngineFonts/Roboto.uasset" 33
"../../../Engine/Content/EngineFonts/Roboto.uexp" 34
"../../../Engine/Plugins/Interchange/Runtime/Content/Pipelines/DefaultTexturePipeline.uasset" 35
"../../../Engine/Plugins/Interchange/Runtime/Content/Pipelines/DefaultTexturePipeline.uexp" 36
"../../../Engine/Plugins/Interchange/Runtime/Content/Pipelines/DefaultSceneLevelPipeline.uasset" 37
"../../../Engine/Plugins/Interchange/Runtime/Content/Pipelines/DefaultSceneLevelPipeline.uexp" 38
"../../../Engine/Plugins/Interchange/Runtime/Content/Pipelines/DefaultSceneAssetsPipeline.uasset" 39
"../../../Engine/Plugins/Interchange/Runtime/Content/Pipelines/DefaultSceneAssetsPipeline.uexp" 40
"../../../Engine/Plugins/Interchange/Runtime/Content/Pipelines/DefaultMaterialXPipeline.uasset" 41
"../../../Engine/Plugins/Interchange/Runtime/Content/Pipelines/DefaultMaterialXPipeline.uexp" 42
"../../../Engine/Plugins/Interchange/Runtime/Content/Pipelines/DefaultMaterialPipeline.uasset" 43
"../../../Engine/Plugins/Interchange/Runtime/Content/Pipelines/DefaultMaterialPipeline.uexp" 44
"../../../Engine/Plugins/Interchange/Runtime/Content/Pipelines/DefaultGLTFSceneAssetsPipeline.uasset" 45
"../../../Engine/Plugins/Interchange/Runtime/Content/Pipelines/DefaultGLTFSceneAssetsPipeline.uexp" 46
"../../../Engine/Plugins/Interchange/Runtime/Content/Pipelines/DefaultGLTFPipeline.uasset" 47
"../../../Engine/Plugins/Interchange/Runtime/Content/Pipelines/DefaultGLTFPipeline.uexp" 48
"../../../Engine/Plugins/Interchange/Runtime/Content/Pipelines/DefaultGLTFAssetsPipeline.uasset" 49
"../../../Engine/Plugins/Interchange/Runtime/Content/Pipelines/DefaultGLTFAssetsPipeline.uexp" 50
"../../../Engine/Plugins/Interchange/Runtime/Content/Pipelines/DefaultAssetsPipeline.uasset" 51
"../../../Engine/Plugins/Interchange/Runtime/Content/Pipelines/DefaultAssetsPipeline.uexp" 52
"../../../Engine/Content/EngineResources/GradientTexture0.uasset" 53
"../../../Engine/Content/EngineResources/GradientTexture0.uexp" 54
"../../../Engine/Content/EngineResources/Black.uasset" 55
"../../../Engine/Content/EngineResources/Black.uexp" 56
"../../../Engine/Content/EditorResources/S_Actor.ubulk" 57
"../../../Engine/Content/EditorResources/S_Actor.uasset" 58
"../../../Engine/Content/EditorResources/S_Actor.uexp" 59
"../../../Engine/Plugins/NNE/NNEDenoiser/Content/NNEDTOM_Output_Default.uasset" 60
"../../../Engine/Plugins/NNE/NNEDenoiser/Content/NNEDTOM_Output_Default.uexp" 61
"../../../Engine/Plugins/NNE/NNEDenoiser/Content/NNEDTOM_Output_Alpha.uasset" 62
"../../../Engine/Plugins/NNE/NNEDenoiser/Content/NNEDTOM_Output_Alpha.uexp" 63
"../../../Engine/Plugins/NNE/NNEDenoiser/Content/NNEDTIM_ColorAlbedoNormal_Default.uasset" 64
"../../../Engine/Plugins/NNE/NNEDenoiser/Content/NNEDTIM_ColorAlbedoNormal_Default.uexp" 65
"../../../Engine/Plugins/NNE/NNEDenoiser/Content/NNEDTIM_ColorAlbedoNormal_Alpha.uasset" 66
"../../../Engine/Plugins/NNE/NNEDenoiser/Content/NNEDTIM_ColorAlbedoNormal_Alpha.uexp" 67
"../../../Engine/Plugins/NNE/NNEDenoiser/Content/NNEDOM_Output_Default.uasset" 68
"../../../Engine/Plugins/NNE/NNEDenoiser/Content/NNEDOM_Output_Default.uexp" 69
"../../../Engine/Plugins/NNE/NNEDenoiser/Content/NNEDOM_Output_Alpha.uasset" 70
"../../../Engine/Plugins/NNE/NNEDenoiser/Content/NNEDOM_Output_Alpha.uexp" 71
"../../../Engine/Plugins/NNE/NNEDenoiser/Content/NNEDIM_HighQuality_Default.uasset" 72
"../../../Engine/Plugins/NNE/NNEDenoiser/Content/NNEDIM_HighQuality_Default.uexp" 73
"../../../Engine/Plugins/NNE/NNEDenoiser/Content/NNEDIM_HighQuality_Alpha.uasset" 74
"../../../Engine/Plugins/NNE/NNEDenoiser/Content/NNEDIM_HighQuality_Alpha.uexp" 75
"../../../Engine/Plugins/NNE/NNEDenoiser/Content/NNEDIM_ColorAlbedoNormal_Default.uasset" 76
"../../../Engine/Plugins/NNE/NNEDenoiser/Content/NNEDIM_ColorAlbedoNormal_Default.uexp" 77
"../../../Engine/Plugins/NNE/NNEDenoiser/Content/NNEDIM_ColorAlbedoNormal_Alpha.uasset" 78
"../../../Engine/Plugins/NNE/NNEDenoiser/Content/NNEDIM_ColorAlbedoNormal_Alpha.uexp" 79
"../../../Engine/Content/Functions/Engine_MaterialFunctions02/WorldPositionOffset/CameraOffset.uasset" 80
"../../../Engine/Content/Functions/Engine_MaterialFunctions02/WorldPositionOffset/CameraOffset.uexp" 81
"../../../Engine/Plugins/Animation/ControlRig/Content/M_Manip.uasset" 82
"../../../Engine/Plugins/Animation/ControlRig/Content/M_Manip.uexp" 83
"D:/UEProjects/MO56/Content/Input/Actions/IA_Interact.uasset" 84
"D:/UEProjects/MO56/Content/Input/Actions/IA_Interact.uexp" 85
"D:/UEProjects/MO56/Content/Input/Actions/IA_Inventory.uasset" 86
"D:/UEProjects/MO56/Content/Input/Actions/IA_Inventory.uexp" 87
"D:/UEProjects/MO56/Content/Input/Actions/IA_Status.uasset" 88
"D:/UEProjects/MO56/Content/Input/Actions/IA_Status.uexp" 89
"D:/UEProjects/MO56/Content/Input/Actions/IA_GameMenu.uasset" 90
"D:/UEProjects/MO56/Content/Input/Actions/IA_GameMenu.uexp" 91
"D:/UEProjects/MO56/Content/Input/Actions/IA_Skills.uasset" 92
"D:/UEProjects/MO56/Content/Input/Actions/IA_Skills.uexp" 93
"D:/UEProjects/MO56/Content/SurvivalSystems/InventorySystem/Items/II_Apple/TXT_Apple.uasset" 94
"D:/UEProjects/MO56/Content/SurvivalSystems/InventorySystem/Items/II_Apple/TXT_Apple.uexp" 95
"D:/UEProjects/MO56/Content/MyStuff/WBP_SkillEntry.uasset" 96
"D:/UEProjects/MO56/Content/MyStuff/WBP_SkillEntry.uexp" 97
"D:/UEProjects/MO56/Content/MyStuff/WBP_SkillsMenu.uasset" 98
"D:/UEProjects/MO56/Content/MyStuff/WBP_SkillsMenu.uexp" 99
"../../../Engine/Content/EngineFonts/Faces/DroidSansMono.uexp" 100
"../../../Engine/Content/EngineFonts/Faces/DroidSansMono.uasset" 101
"../../../Engine/Content/EngineFonts/Faces/DroidSansMono.ufont" 102
"../../../Engine/Content/EngineFonts/DroidSansMono.uasset" 103
"../../../Engine/Content/EngineFonts/DroidSansMono.uexp" 104
"D:/UEProjects/MO56/Content/MyStuff/WBP_InspectionCountdown.uasset" 105
"D:/UEProjects/MO56/Content/MyStuff/WBP_InspectionCountdown.uexp" 106
"D:/UEProjects/MO56/Content/MyStuff/WBP_MO_HUD.uasset" 107
"D:/UEProjects/MO56/Content/MyStuff/WBP_MO_HUD.uexp" 108
"D:/UEProjects/MO56/Content/MyStuff/WBP_SlotMenu.uasset" 109
"D:/UEProjects/MO56/Content/MyStuff/WBP_SlotMenu.uexp" 110
"D:/UEProjects/MO56/Content/MyStuff/WBP_DragVisual.uasset" 111
"D:/UEProjects/MO56/Content/MyStuff/WBP_DragVisual.uexp" 112
"D:/UEProjects/MO56/Content/MyStuff/WBP_InventorySlot.uasset" 113
"D:/UEProjects/MO56/Content/MyStuff/WBP_InventorySlot.uexp" 114
"D:/UEProjects/MO56/Content/MyStuff/WBP_Inventory.uasset" 115
"D:/UEProjects/MO56/Content/MyStuff/WBP_Inventory.uexp" 116
"D:/UEProjects/MO56/Content/MyStuff/WBP_SaveSlot.uasset" 117
"D:/UEProjects/MO56/Content/MyStuff/WBP_SaveSlot.uexp" 118
"D:/UEProjects/MO56/Content/MyStuff/WBP_SaveGameMenu.uasset" 119
"D:/UEProjects/MO56/Content/MyStuff/WBP_SaveGameMenu.uexp" 120
"D:/UEProjects/MO56/Content/MyStuff/WBP_GameMenu.uasset" 121
"D:/UEProjects/MO56/Content/MyStuff/WBP_GameMenu.uexp" 122
"D:/UEProjects/MO56/Content/MyStuff/WBP_CharacterStatus.uasset" 123
"D:/UEProjects/MO56/Content/MyStuff/WBP_CharacterStatus.uexp" 124
"D:/UEProjects/MO56/Content/Input/Actions/IA_MouseLook.uasset" 125
"D:/UEProjects/MO56/Content/Input/Actions/IA_MouseLook.uexp" 126
"D:/UEProjects/MO56/Content/Input/Actions/IA_Jump.uasset" 127
"D:/UEProjects/MO56/Content/Input/Actions/IA_Jump.uexp" 128
"D:/UEProjects/MO56/Content/Input/Actions/IA_Look.uasset" 129
"D:/UEProjects/MO56/Content/Input/Actions/IA_Look.uexp" 130
"D:/UEProjects/MO56/Content/Input/Actions/IA_Move.uasset" 131
"D:/UEProjects/MO56/Content/Input/Actions/IA_Move.uexp" 132
"D:/UEProjects/MO56/Content/Characters/Mannequins/Meshes/SK_Mannequin.uasset" 133
"D:/UEProjects/MO56/Content/Characters/Mannequins/Meshes/SK_Mannequin.uexp" 134
"D:/UEProjects/MO56/Content/Characters/Mannequins/Rigs/PA_Mannequin.uasset" 135
"D:/UEProjects/MO56/Content/Characters/Mannequins/Rigs/PA_Mannequin.uexp" 136
"../../../Engine/Content/Functions/Engine_MaterialFunctions02/Utility/BreakOutFloat2Components.uasset" 137
"../../../Engine/Content/Functions/Engine_MaterialFunctions02/Utility/BreakOutFloat2Components.uexp" 138
"../../../Engine/Content/Functions/Engine_MaterialFunctions01/Opacity/CameraDepthFade.uasset" 139
"../../../Engine/Content/Functions/Engine_MaterialFunctions01/Opacity/CameraDepthFade.uexp" 140
"../../../Engine/Content/Functions/Engine_MaterialFunctions01/Texturing/ScaleUVsByCenter.uasset" 141
"../../../Engine/Content/Functions/Engine_MaterialFunctions01/Texturing/ScaleUVsByCenter.uexp" 142
"D:/UEProjects/MO56/Content/Characters/Mannequins/Textures/Shared/T_UE_Logo_M.uasset" 143
"D:/UEProjects/MO56/Content/Characters/Mannequins/Textures/Shared/T_UE_Logo_M.uexp" 144
"D:/UEProjects/MO56/Content/Characters/Mannequins/Textures/Manny/T_Manny_01_MRA.ubulk" 145
"D:/UEProjects/MO56/Content/Characters/Mannequins/Textures/Manny/T_Manny_01_MRA.uasset" 146
"D:/UEProjects/MO56/Content/Characters/Mannequins/Textures/Manny/T_Manny_01_MRA.uexp" 147
"D:/UEProjects/MO56/Content/Characters/Mannequins/Textures/Manny/T_Manny_01_D.ubulk" 148
"D:/UEProjects/MO56/Content/Characters/Mannequins/Textures/Manny/T_Manny_01_D.uasset" 149
"D:/UEProjects/MO56/Content/Characters/Mannequins/Textures/Manny/T_Manny_01_D.uexp" 150
"D:/UEProjects/MO56/Content/Characters/Mannequins/Textures/Manny/T_Manny_01_BN.ubulk" 151
"D:/UEProjects/MO56/Content/Characters/Mannequins/Textures/Manny/T_Manny_01_BN.uasset" 152
"D:/UEProjects/MO56/Content/Characters/Mannequins/Textures/Manny/T_Manny_01_BN.uexp" 153
"D:/UEProjects/MO56/Content/Characters/Mannequins/Materials/M_Mannequin.uasset" 154
"D:/UEProjects/MO56/Content/Characters/Mannequins/Materials/M_Mannequin.uexp" 155
"D:/UEProjects/MO56/Content/Characters/Mannequins/Textures/Quinn/T_Quinn_01_N.ubulk" 156
"D:/UEProjects/MO56/Content/Characters/Mannequins/Textures/Quinn/T_Quinn_01_N.uasset" 157
"D:/UEProjects/MO56/Content/Characters/Mannequins/Textures/Quinn/T_Quinn_01_N.uexp" 158
"D:/UEProjects/MO56/Content/Characters/Mannequins/Textures/Quinn/T_Quinn_01_MRA.ubulk" 159
"D:/UEProjects/MO56/Content/Characters/Mannequins/Textures/Quinn/T_Quinn_01_MRA.uasset" 160
"D:/UEProjects/MO56/Content/Characters/Mannequins/Textures/Quinn/T_Quinn_01_MRA.uexp" 161
"D:/UEProjects/MO56/Content/Characters/Mannequins/Textures/Quinn/T_Quinn_01_D.ubulk" 162
"D:/UEProjects/MO56/Content/Characters/Mannequins/Textures/Quinn/T_Quinn_01_D.uasset" 163
"D:/UEProjects/MO56/Content/Characters/Mannequins/Textures/Quinn/T_Quinn_01_D.uexp" 164
"D:/UEProjects/MO56/Content/Characters/Mannequins/Materials/Quinn/MI_Quinn_01.uasset" 165
"D:/UEProjects/MO56/Content/Characters/Mannequins/Materials/Quinn/MI_Quinn_01.uexp" 166
"D:/UEProjects/MO56/Content/Characters/Mannequins/Textures/Quinn/T_Quinn_02_N.ubulk" 167
"D:/UEProjects/MO56/Content/Characters/Mannequins/Textures/Quinn/T_Quinn_02_N.uasset" 168
"D:/UEProjects/MO56/Content/Characters/Mannequins/Textures/Quinn/T_Quinn_02_N.uexp" 169
"D:/UEProjects/MO56/Content/Characters/Mannequins/Textures/Quinn/T_Quinn_02_MRA.ubulk" 170
"D:/UEProjects/MO56/Content/Characters/Mannequins/Textures/Quinn/T_Quinn_02_MRA.uasset" 171
"D:/UEProjects/MO56/Content/Characters/Mannequins/Textures/Quinn/T_Quinn_02_MRA.uexp" 172
"D:/UEProjects/MO56/Content/Characters/Mannequins/Textures/Quinn/T_Quinn_02_D.ubulk" 173
"D:/UEProjects/MO56/Content/Characters/Mannequins/Textures/Quinn/T_Quinn_02_D.uasset" 174
"D:/UEProjects/MO56/Content/Characters/Mannequins/Textures/Quinn/T_Quinn_02_D.uexp" 175
"D:/UEProjects/MO56/Content/Characters/Mannequins/Materials/Quinn/MI_Quinn_02.uasset" 176
"D:/UEProjects/MO56/Content/Characters/Mannequins/Materials/Quinn/MI_Quinn_02.uexp" 177
"D:/UEProjects/MO56/Content/Characters/Mannequins/Meshes/SKM_Quinn_Simple.uasset" 178
"D:/UEProjects/MO56/Content/Characters/Mannequins/Meshes/SKM_Quinn_Simple.uexp" 179
"../../../Engine/Content/Animation/DefaultVariableFrameStrippingSettings.uasset" 180
"../../../Engine/Content/Animation/DefaultVariableFrameStrippingSettings.uexp" 181
"../../../Engine/Content/Animation/DefaultAnimCurveCompressionSettings.uasset" 182
"../../../Engine/Content/Animation/DefaultAnimCurveCompressionSettings.uexp" 183
"../../../Engine/Content/Animation/DefaultAnimBoneCompressionSettings.uasset" 184
"../../../Engine/Content/Animation/DefaultAnimBoneCompressionSettings.uexp" 185
"D:/UEProjects/MO56/Content/Characters/Mannequins/Anims/Unarmed/MM_Idle.uasset" 186
"D:/UEProjects/MO56/Content/Characters/Mannequins/Anims/Unarmed/MM_Idle.uexp" 187
"../../../Engine/Plugins/Animation/ACLPlugin/Content/ACLAnimCurveCompressionSettings.uasset" 188
"../../../Engine/Plugins/Animation/ACLPlugin/Content/ACLAnimCurveCompressionSettings.uexp" 189
"D:/UEProjects/MO56/Content/Characters/Mannequins/Anims/Unarmed/Walk/MF_Unarmed_Walk_Right.uasset" 190
"D:/UEProjects/MO56/Content/Characters/Mannequins/Anims/Unarmed/Walk/MF_Unarmed_Walk_Right.uexp" 191
"D:/UEProjects/MO56/Content/Characters/Mannequins/Anims/Unarmed/Walk/MF_Unarmed_Walk_Left.uasset" 192
"D:/UEProjects/MO56/Content/Characters/Mannequins/Anims/Unarmed/Walk/MF_Unarmed_Walk_Left.uexp" 193
"../../../Engine/Content/Animation/DefaultRecorderBoneCompression.uasset" 194
"../../../Engine/Content/Animation/DefaultRecorderBoneCompression.uexp" 195
"D:/UEProjects/MO56/Content/Characters/Mannequins/Anims/Unarmed/Walk/MF_Unarmed_Walk_Fwd_Right.uasset" 196
"D:/UEProjects/MO56/Content/Characters/Mannequins/Anims/Unarmed/Walk/MF_Unarmed_Walk_Fwd_Right.uexp" 197
"D:/UEProjects/MO56/Content/Characters/Mannequins/Anims/Unarmed/Walk/MF_Unarmed_Walk_Fwd_Left.uasset" 198
"D:/UEProjects/MO56/Content/Characters/Mannequins/Anims/Unarmed/Walk/MF_Unarmed_Walk_Fwd_Left.uexp" 199
"D:/UEProjects/MO56/Content/Characters/Mannequins/Anims/Unarmed/Walk/MF_Unarmed_Walk_Fwd.uasset" 200
"D:/UEProjects/MO56/Content/Characters/Mannequins/Anims/Unarmed/Walk/MF_Unarmed_Walk_Fwd.uexp" 201
"D:/UEProjects/MO56/Content/Characters/Mannequins/Anims/Unarmed/Walk/MF_Unarmed_Walk_Bwd_Right.uasset" 202
"D:/UEProjects/MO56/Content/Characters/Mannequins/Anims/Unarmed/Walk/MF_Unarmed_Walk_Bwd_Right.uexp" 203
"D:/UEProjects/MO56/Content/Characters/Mannequins/Anims/Unarmed/Walk/MF_Unarmed_Walk_Bwd_Left.uasset" 204
"D:/UEProjects/MO56/Content/Characters/Mannequins/Anims/Unarmed/Walk/MF_Unarmed_Walk_Bwd_Left.uexp" 205
"D:/UEProjects/MO56/Content/Characters/Mannequins/Anims/Unarmed/Walk/MF_Unarmed_Walk_Bwd.uasset" 206
"D:/UEProjects/MO56/Content/Characters/Mannequins/Anims/Unarmed/Walk/MF_Unarmed_Walk_Bwd.uexp" 207
"D:/UEProjects/MO56/Content/Characters/Mannequins/Anims/Unarmed/Jog/MF_Unarmed_Jog_Right.uasset" 208
"D:/UEProjects/MO56/Content/Characters/Mannequins/Anims/Unarmed/Jog/MF_Unarmed_Jog_Right.uexp" 209
"D:/UEProjects/MO56/Content/Characters/Mannequins/Anims/Unarmed/Jog/MF_Unarmed_Jog_Left.uasset" 210
"D:/UEProjects/MO56/Content/Characters/Mannequins/Anims/Unarmed/Jog/MF_Unarmed_Jog_Left.uexp" 211
"D:/UEProjects/MO56/Content/Characters/Mannequins/Anims/Unarmed/Jog/MF_Unarmed_Jog_Fwd_Right.uasset" 212
"D:/UEProjects/MO56/Content/Characters/Mannequins/Anims/Unarmed/Jog/MF_Unarmed_Jog_Fwd_Right.uexp" 213
"D:/UEProjects/MO56/Content/Characters/Mannequins/Anims/Unarmed/Jog/MF_Unarmed_Jog_Fwd_Left.uasset" 214
"D:/UEProjects/MO56/Content/Characters/Mannequins/Anims/Unarmed/Jog/MF_Unarmed_Jog_Fwd_Left.uexp" 215
"D:/UEProjects/MO56/Content/Characters/Mannequins/Anims/Unarmed/Jog/MF_Unarmed_Jog_Fwd.uasset" 216
"D:/UEProjects/MO56/Content/Characters/Mannequins/Anims/Unarmed/Jog/MF_Unarmed_Jog_Fwd.uexp" 217
"D:/UEProjects/MO56/Content/Characters/Mannequins/Anims/Unarmed/Jog/MF_Unarmed_Jog_Bwd_Right.uasset" 218
"D:/UEProjects/MO56/Content/Characters/Mannequins/Anims/Unarmed/Jog/MF_Unarmed_Jog_Bwd_Right.uexp" 219
"D:/UEProjects/MO56/Content/Characters/Mannequins/Anims/Unarmed/Jog/MF_Unarmed_Jog_Bwd_Left.uasset" 220
"D:/UEProjects/MO56/Content/Characters/Mannequins/Anims/Unarmed/Jog/MF_Unarmed_Jog_Bwd_Left.uexp" 221
"D:/UEProjects/MO56/Content/Characters/Mannequins/Anims/Unarmed/Jog/MF_Unarmed_Jog_Bwd.uasset" 222
"D:/UEProjects/MO56/Content/Characters/Mannequins/Anims/Unarmed/Jog/MF_Unarmed_Jog_Bwd.uexp" 223
"D:/UEProjects/MO56/Content/Characters/Mannequins/Anims/Unarmed/BS_Idle_Walk_Run.uasset" 224
"D:/UEProjects/MO56/Content/Characters/Mannequins/Anims/Unarmed/BS_Idle_Walk_Run.uexp" 225
"D:/UEProjects/MO56/Content/Characters/Mannequins/Anims/Unarmed/Jump/MM_Fall_Loop.uasset" 226
"D:/UEProjects/MO56/Content/Characters/Mannequins/Anims/Unarmed/Jump/MM_Fall_Loop.uexp" 227
"D:/UEProjects/MO56/Content/Characters/Mannequins/Anims/Unarmed/Jump/MM_Jump.uasset" 228
"D:/UEProjects/MO56/Content/Characters/Mannequins/Anims/Unarmed/Jump/MM_Jump.uexp" 229
"D:/UEProjects/MO56/Content/Characters/Mannequins/Anims/Unarmed/Jump/MM_Land.uasset" 230
"D:/UEProjects/MO56/Content/Characters/Mannequins/Anims/Unarmed/Jump/MM_Land.uexp" 231
"../../../Engine/Plugins/Animation/ControlRig/Content/Controls/DefaultGizmoLibraryNormalized.uasset" 232
"../../../Engine/Plugins/Animation/ControlRig/Content/Controls/DefaultGizmoLibraryNormalized.uexp" 233
"D:/UEProjects/MO56/Content/Characters/Mannequins/Rigs/CR_Mannequin_FootIK.uasset" 234
"D:/UEProjects/MO56/Content/Characters/Mannequins/Rigs/CR_Mannequin_FootIK.uexp" 235
"D:/UEProjects/MO56/Content/Characters/Mannequins/Anims/Unarmed/ABP_Unarmed.uasset" 236
"D:/UEProjects/MO56/Content/Characters/Mannequins/Anims/Unarmed/ABP_Unarmed.uexp" 237
"D:/UEProjects/MO56/Content/Input/Touch/BPI_TouchInterface.uasset" 238
"D:/UEProjects/MO56/Content/Input/Touch/BPI_TouchInterface.uexp" 239
"D:/UEProjects/MO56/Content/ThirdPerson/Blueprints/BP_ThirdPersonCharacter.uasset" 240
"D:/UEProjects/MO56/Content/ThirdPerson/Blueprints/BP_ThirdPersonCharacter.uexp" 241
"D:/UEProjects/MO56/Content/ThirdPerson/Blueprints/BP_MOSurvivalCharacter.uasset" 242
"D:/UEProjects/MO56/Content/ThirdPerson/Blueprints/BP_MOSurvivalCharacter.uexp" 243
"D:/UEProjects/MO56/Content/Input/IMC_MouseLook.uasset" 244
"D:/UEProjects/MO56/Content/Input/IMC_MouseLook.uexp" 245
"D:/UEProjects/MO56/Content/Input/Actions/IA_RightClick.uasset" 246
"D:/UEProjects/MO56/Content/Input/Actions/IA_RightClick.uexp" 247
"D:/UEProjects/MO56/Content/Input/IMC_Default.uasset" 248
"D:/UEProjects/MO56/Content/Input/IMC_Default.uexp" 249
"D:/UEProjects/MO56/Content/MyStuff/BP_MO56PlayerController.uasset" 250
"D:/UEProjects/MO56/Content/MyStuff/BP_MO56PlayerController.uexp" 251
"D:/UEProjects/MO56/Content/MyStuff/BP_MO56GameMode.uasset" 252
"D:/UEProjects/MO56/Content/MyStuff/BP_MO56GameMode.uexp" 253
"../../../Engine/Content/EditorMaterials/PreviewShadowIndicator.ubulk" 254
"../../../Engine/Content/EditorMaterials/PreviewShadowIndicator.uasset" 255
"../../../Engine/Content/EditorMaterials/PreviewShadowIndicator.uexp" 256
"../../../Engine/Content/EditorMaterials/PreviewShadowIndicatorMaterial.uasset" 257
"../../../Engine/Content/EditorMaterials/PreviewShadowIndicatorMaterial.uexp" 258
"../../../Engine/Content/EditorMaterials/PhAT_UnselectedMaterial.uasset" 259
"../../../Engine/Content/EditorMaterials/PhAT_UnselectedMaterial.uexp" 260
"../../../Engine/Content/EditorMaterials/PhAT_NoCollisionMaterial.uasset" 261
"../../../Engine/Content/EditorMaterials/PhAT_NoCollisionMaterial.uexp" 262
"../../../Engine/Content/EditorLandscapeResources/WhiteSquareTexture.uasset" 263
"../../../Engine/Content/EditorLandscapeResources/WhiteSquareTexture.uexp" 264
"../../../Engine/Content/EditorLandscapeResources/LayerVisMaterial.uasset" 265
"../../../Engine/Content/EditorLandscapeResources/LayerVisMaterial.uexp" 266
"../../../Engine/Content/Functions/Engine_MaterialFunctions02/WorldPositionOffset/LocalPosition.uasset" 267
"../../../Engine/Content/Functions/Engine_MaterialFunctions02/WorldPositionOffset/LocalPosition.uexp" 268
"../../../Engine/Content/EngineMaterials/DefaultDiffuse.ubulk" 269
"../../../Engine/Content/EngineMaterials/DefaultDiffuse.uasset" 270
"../../../Engine/Content/EngineMaterials/DefaultDiffuse.uexp" 271
"../../../Engine/Content/Functions/Engine_MaterialFunctions01/Texturing/TextureCropping.uasset" 272
"../../../Engine/Content/Functions/Engine_MaterialFunctions01/Texturing/TextureCropping.uexp" 273
"../../../Engine/Content/Functions/Engine_MaterialFunctions02/ExampleContent/DebugNumberStrip.uasset" 274
"../../../Engine/Content/Functions/Engine_MaterialFunctions02/ExampleContent/DebugNumberStrip.uexp" 275
"../../../Engine/Content/Functions/Engine_MaterialFunctions01/Debug/DebugIntValues.uasset" 276
"../../../Engine/Content/Functions/Engine_MaterialFunctions01/Debug/DebugIntValues.uexp" 277
"../../../Engine/Content/EditorLandscapeResources/LandscapeLayerUsageMaterial.uasset" 278
"../../../Engine/Content/EditorLandscapeResources/LandscapeLayerUsageMaterial.uexp" 279
"../../../Engine/Content/EditorLandscapeResources/DefaultAlphaTexture.uasset" 280
"../../../Engine/Content/EditorLandscapeResources/DefaultAlphaTexture.uexp" 281
"../../../Engine/Content/EditorLandscapeResources/LandscapeDirtyMaterial.uasset" 282
"../../../Engine/Content/EditorLandscapeResources/LandscapeDirtyMaterial.uexp" 283
"../../../Engine/Content/BasicShapes/BasicShapeMaterial.uasset" 284
"../../../Engine/Content/BasicShapes/BasicShapeMaterial.uexp" 285
"../../../Engine/Content/Functions/Engine_MaterialFunctions02/Utility/BreakOutFloat3Components.uasset" 286
"../../../Engine/Content/Functions/Engine_MaterialFunctions02/Utility/BreakOutFloat3Components.uexp" 287
"../../../Engine/Content/Functions/Engine_MaterialFunctions02/Utility/VectorLength.uasset" 288
"../../../Engine/Content/Functions/Engine_MaterialFunctions02/Utility/VectorLength.uexp" 289
"../../../Engine/Content/Functions/Engine_MaterialFunctions02/WorldPositionOffset/ObjectScale.uasset" 290
"../../../Engine/Content/Functions/Engine_MaterialFunctions02/WorldPositionOffset/ObjectScale.uexp" 291
"../../../Engine/Content/Functions/Engine_MaterialFunctions02/SafeNormalize.uasset" 292
"../../../Engine/Content/Functions/Engine_MaterialFunctions02/SafeNormalize.uexp" 293
"../../../Engine/Plugins/Editor/SpeedTreeImporter/Content/SpeedTree9/UnpackInteger3.uasset" 294
"../../../Engine/Plugins/Editor/SpeedTreeImporter/Content/SpeedTree9/UnpackInteger3.uexp" 295
"../../../Engine/Plugins/Editor/SpeedTreeImporter/Content/SpeedTree9/UnpackDirection.uasset" 296
"../../../Engine/Plugins/Editor/SpeedTreeImporter/Content/SpeedTree9/UnpackDirection.uexp" 297
"../../../Engine/Plugins/Editor/SpeedTreeImporter/Content/SpeedTree9/game_wind_noise.ubulk" 298
"../../../Engine/Plugins/Editor/SpeedTreeImporter/Content/SpeedTree9/game_wind_noise.uasset" 299
"../../../Engine/Plugins/Editor/SpeedTreeImporter/Content/SpeedTree9/game_wind_noise.uexp" 300
"../../../Engine/Plugins/Editor/SpeedTreeImporter/Content/SpeedTree9/SpeedTreeWindMotion.uasset" 301
"../../../Engine/Plugins/Editor/SpeedTreeImporter/Content/SpeedTree9/SpeedTreeWindMotion.uexp" 302
"../../../Engine/Plugins/Editor/SpeedTreeImporter/Content/SpeedTree9/SpeedTreeBranchMotion.uasset" 303
"../../../Engine/Plugins/Editor/SpeedTreeImporter/Content/SpeedTree9/SpeedTreeBranchMotion.uexp" 304
"../../../Engine/Content/Functions/Engine_MaterialFunctions02/ObjectLocalBounds.uasset" 305
"../../../Engine/Content/Functions/Engine_MaterialFunctions02/ObjectLocalBounds.uexp" 306
"../../../Engine/Content/Functions/Engine_MaterialFunctions02/UVs/BoundingBoxBased_0-1_UVW.uasset" 307
"../../../Engine/Content/Functions/Engine_MaterialFunctions02/UVs/BoundingBoxBased_0-1_UVW.uexp" 308
"../../../Engine/Plugins/Editor/SpeedTreeImporter/Content/SpeedTree9/SpeedTreeWind.uasset" 309
"../../../Engine/Plugins/Editor/SpeedTreeImporter/Content/SpeedTree9/SpeedTreeWind.uexp" 310
"../../../Engine/Plugins/Editor/SpeedTreeImporter/Content/SpeedTree9/SpeedTreeCameraFacing.uasset" 311
"../../../Engine/Plugins/Editor/SpeedTreeImporter/Content/SpeedTree9/SpeedTreeCameraFacing.uexp" 312
"../../../Engine/Plugins/Editor/SpeedTreeImporter/Content/SpeedTree9/EmptyNormal.uasset" 313
"../../../Engine/Plugins/Editor/SpeedTreeImporter/Content/SpeedTree9/EmptyNormal.uexp" 314
"../../../Engine/Plugins/Editor/SpeedTreeImporter/Content/SpeedTree9/Empty.uasset" 315
"../../../Engine/Plugins/Editor/SpeedTreeImporter/Content/SpeedTree9/Empty.uexp" 316
"../../../Engine/Plugins/Editor/SpeedTreeImporter/Content/SpeedTree9/SpeedTreeMaster.uasset" 317
"../../../Engine/Plugins/Editor/SpeedTreeImporter/Content/SpeedTree9/SpeedTreeMaster.uexp" 318
"../../../Engine/Plugins/Editor/SpeedTreeImporter/Content/SpeedTree9/SpeedTreeBillboard.uasset" 319
"../../../Engine/Plugins/Editor/SpeedTreeImporter/Content/SpeedTree9/SpeedTreeBillboard.uexp" 320
"../../../Engine/Plugins/Editor/SpeedTreeImporter/Content/SpeedTree9/SpeedTreeBillboardMaster.uasset" 321
"../../../Engine/Plugins/Editor/SpeedTreeImporter/Content/SpeedTree9/SpeedTreeBillboardMaster.uexp" 322
"../../../Engine/Plugins/Animation/ControlRig/Content/Controls/ControlRigXRayMaterial.uasset" 323
"../../../Engine/Plugins/Animation/ControlRig/Content/Controls/ControlRigXRayMaterial.uexp" 324
"../../../Engine/Plugins/Animation/ControlRig/Content/Controls/ControlRigGizmoMaterial.uasset" 325
"../../../Engine/Plugins/Animation/ControlRig/Content/Controls/ControlRigGizmoMaterial.uexp" 326
"../../../Engine/Content/EngineResources/DefaultTexture.ubulk" 327
"../../../Engine/Content/EngineResources/DefaultTexture.uasset" 328
"../../../Engine/Content/EngineResources/DefaultTexture.uexp" 329
"../../../Engine/Content/EngineMaterials/RemoveSurfaceMaterial.uasset" 330
"../../../Engine/Content/EngineMaterials/RemoveSurfaceMaterial.uexp" 331
"../../../Engine/Content/EngineMaterials/PreintegratedSkinBRDF.uasset" 332
"../../../Engine/Content/EngineMaterials/PreintegratedSkinBRDF.uexp" 333
"../../../Engine/Content/EngineMaterials/DefaultCalibrationGrayscale.uasset" 334
"../../../Engine/Content/EngineMaterials/DefaultCalibrationGrayscale.uexp" 335
"../../../Engine/Content/EngineMaterials/PPM_DefaultCalibrationGrayscale.uasset" 336
"../../../Engine/Content/EngineMaterials/PPM_DefaultCalibrationGrayscale.uexp" 337
"../../../Engine/Content/EngineMaterials/DefaultCalibrationColor.uasset" 338
"../../../Engine/Content/EngineMaterials/DefaultCalibrationColor.uexp" 339
"../../../Engine/Content/EngineMaterials/PPM_DefaultCalibrationColor.uasset" 340
"../../../Engine/Content/EngineMaterials/PPM_DefaultCalibrationColor.uexp" 341
"../../../Engine/Content/EngineMaterials/PhAT_JointLimitMaterial.uasset" 342
"../../../Engine/Content/EngineMaterials/PhAT_JointLimitMaterial.uexp" 343
"../../../Engine/Content/EngineMaterials/NaniteHiddenSectionMaterial.uasset" 344
"../../../Engine/Content/EngineMaterials/NaniteHiddenSectionMaterial.uexp" 345
"../../../Engine/Content/EngineMaterials/InvalidLightmapSettings.ubulk" 346
"../../../Engine/Content/EngineMaterials/InvalidLightmapSettings.uasset" 347
"../../../Engine/Content/EngineMaterials/InvalidLightmapSettings.uexp" 348
"../../../Engine/Content/EngineMaterials/M_InvalidLightmapSettings.uasset" 349
"../../../Engine/Content/EngineMaterials/M_InvalidLightmapSettings.uexp" 350
"../../../Engine/Content/EngineMaterials/MiniFont.uasset" 351
"../../../Engine/Content/EngineMaterials/MiniFont.uexp" 352
"../../../Engine/Content/EngineMaterials/GizmoMaterial.uasset" 353
"../../../Engine/Content/EngineMaterials/GizmoMaterial.uexp" 354
"../../../Engine/Content/EngineMaterials/Black_1x1_EXR_Texture_VT.ubulk" 355
"../../../Engine/Content/EngineMaterials/Black_1x1_EXR_Texture_VT.uasset" 356
"../../../Engine/Content/EngineMaterials/Black_1x1_EXR_Texture_VT.uexp" 357
"../../../Engine/Content/EngineMaterials/BaseFlattenNormalMap_VT.ubulk" 358
"../../../Engine/Content/EngineMaterials/BaseFlattenNormalMap_VT.uasset" 359
"../../../Engine/Content/EngineMaterials/BaseFlattenNormalMap_VT.uexp" 360
"../../../Engine/Content/EngineMaterials/BaseFlattenDiffuseMap_VT.ubulk" 361
"../../../Engine/Content/EngineMaterials/BaseFlattenDiffuseMap_VT.uasset" 362
"../../../Engine/Content/EngineMaterials/BaseFlattenDiffuseMap_VT.uexp" 363
"../../../Engine/Content/EngineMaterials/BaseFlattenEmissiveMap_VT.ubulk" 364
"../../../Engine/Content/EngineMaterials/BaseFlattenEmissiveMap_VT.uasset" 365
"../../../Engine/Content/EngineMaterials/BaseFlattenEmissiveMap_VT.uexp" 366
"../../../Engine/Content/EngineMaterials/BaseFlattenGrayscaleMap_VT.ubulk" 367
"../../../Engine/Content/EngineMaterials/BaseFlattenGrayscaleMap_VT.uasset" 368
"../../../Engine/Content/EngineMaterials/BaseFlattenGrayscaleMap_VT.uexp" 369
"../../../Engine/Content/EngineMaterials/BaseFlattenLinearColor_VT.ubulk" 370
"../../../Engine/Content/EngineMaterials/BaseFlattenLinearColor_VT.uasset" 371
"../../../Engine/Content/EngineMaterials/BaseFlattenLinearColor_VT.uexp" 372
"../../../Engine/Content/EngineMaterials/FlattenMaterial_WS_Normal_VT.uasset" 373
"../../../Engine/Content/EngineMaterials/FlattenMaterial_WS_Normal_VT.uexp" 374
"../../../Engine/Content/EngineMaterials/FlattenMaterial_VT.uasset" 375
"../../../Engine/Content/EngineMaterials/FlattenMaterial_VT.uexp" 376
"../../../Engine/Content/EngineMaterials/BaseFlattenLinearColor.uasset" 377
"../../../Engine/Content/EngineMaterials/BaseFlattenLinearColor.uexp" 378
"../../../Engine/Content/EngineMaterials/BaseFlattenNormalMap.uasset" 379
"../../../Engine/Content/EngineMaterials/BaseFlattenNormalMap.uexp" 380
"../../../Engine/Content/EngineMaterials/BaseFlattenDiffuseMap.uasset" 381
"../../../Engine/Content/EngineMaterials/BaseFlattenDiffuseMap.uexp" 382
"../../../Engine/Content/EngineMaterials/BaseFlattenEmissiveMap.uasset" 383
"../../../Engine/Content/EngineMaterials/BaseFlattenEmissiveMap.uexp" 384
"../../../Engine/Content/EngineMaterials/BaseFlattenGrayscaleMap.uasset" 385
"../../../Engine/Content/EngineMaterials/BaseFlattenGrayscaleMap.uexp" 386
"../../../Engine/Content/Functions/Engine_MaterialFunctions02/PivotPainter2/Black_1x1_EXR_Texture.uasset" 387
"../../../Engine/Content/Functions/Engine_MaterialFunctions02/PivotPainter2/Black_1x1_EXR_Texture.uexp" 388
"../../../Engine/Content/EngineMaterials/FlattenMaterial.uasset" 389
"../../../Engine/Content/EngineMaterials/FlattenMaterial.uexp" 390
"../../../Engine/Content/EngineMaterials/FastBlueNoise_vec2_128x128x64.uasset" 391
"../../../Engine/Content/EngineMaterials/FastBlueNoise_vec2_128x128x64.uexp" 392
"../../../Engine/Content/EngineMaterials/FastBlueNoise_scalar_128x128x8.uasset" 393
"../../../Engine/Content/EngineMaterials/FastBlueNoise_scalar_128x128x8.uexp" 394
"../../../Engine/Content/EngineMaterials/FastBlueNoise_scalar_128x128x64.uasset" 395
"../../../Engine/Content/EngineMaterials/FastBlueNoise_scalar_128x128x64.uexp" 396
"../../../Engine/Content/EngineMaterials/DefaultWhiteGrid_Low.uasset" 397
"../../../Engine/Content/EngineMaterials/DefaultWhiteGrid_Low.uexp" 398
"../../../Engine/Content/EngineMaterials/EmissiveMeshMaterial.uasset" 399
"../../../Engine/Content/EngineMaterials/EmissiveMeshMaterial.uexp" 400
"../../../Engine/Content/EngineMaterials/DefaultWhiteGrid.ubulk" 401
"../../../Engine/Content/EngineMaterials/DefaultWhiteGrid.uasset" 402
"../../../Engine/Content/EngineMaterials/DefaultWhiteGrid.uexp" 403
"../../../Engine/Content/EngineFonts/RobotoDistanceField.uasset" 404
"../../../Engine/Content/EngineFonts/RobotoDistanceField.uexp" 405
"../../../Engine/Content/EngineMaterials/DefaultTextMaterialOpaque.uasset" 406
"../../../Engine/Content/EngineMaterials/DefaultTextMaterialOpaque.uexp" 407
"../../../Engine/Content/EngineMaterials/DefaultPostProcessMaterial.uasset" 408
"../../../Engine/Content/EngineMaterials/DefaultPostProcessMaterial.uexp" 409
"../../../Engine/Content/EngineMaterials/DefaultLightFunctionMaterial.uasset" 410
"../../../Engine/Content/EngineMaterials/DefaultLightFunctionMaterial.uexp" 411
"../../../Engine/Content/EngineMaterials/DefaultDeferredDecalMaterial.uasset" 412
"../../../Engine/Content/EngineMaterials/DefaultDeferredDecalMaterial.uexp" 413
"../../../Engine/Content/EngineMaterials/DefaultBokeh.uasset" 414
"../../../Engine/Content/EngineMaterials/DefaultBokeh.uexp" 415
"../../../Engine/Content/EngineMaterials/DefaultBloomKernel.uasset" 416
"../../../Engine/Content/EngineMaterials/DefaultBloomKernel.uexp" 417
"../../../Engine/Content/Functions/Engine_MaterialFunctions02/Utility/CameraDirectionVector.uasset" 418
"../../../Engine/Content/Functions/Engine_MaterialFunctions02/Utility/CameraDirectionVector.uexp" 419
"../../../Engine/Content/EngineDebugMaterials/VolumeToRender.uasset" 420
"../../../Engine/Content/EngineDebugMaterials/VolumeToRender.uexp" 421
"../../../Engine/Content/EngineDebugMaterials/M_VolumeRenderSphereTracePP.uasset" 422
"../../../Engine/Content/EngineDebugMaterials/M_VolumeRenderSphereTracePP.uexp" 423
"../../../Engine/Content/EngineDebugMaterials/M_SimpleUnlitTranslucent.uasset" 424
"../../../Engine/Content/EngineDebugMaterials/M_SimpleUnlitTranslucent.uexp" 425
"../../../Engine/Content/EngineDebugMaterials/DebugMeshMaterial.uasset" 426
"../../../Engine/Content/EngineDebugMaterials/DebugMeshMaterial.uexp" 427
"../../../Engine/Content/EngineDebugMaterials/DebugEditorMaterial.uasset" 428
"../../../Engine/Content/EngineDebugMaterials/DebugEditorMaterial.uexp" 429
"../../../Engine/Content/EngineDamageTypes/DmgTypeBP_Environmental.uasset" 430
"../../../Engine/Content/EngineDamageTypes/DmgTypeBP_Environmental.uexp" 431
"../../../Engine/Content/EditorResources/S_TriggerSphere.uasset" 432
"../../../Engine/Content/EditorResources/S_TriggerSphere.uexp" 433
"../../../Engine/Content/EditorResources/S_TriggerCapsule.uasset" 434
"../../../Engine/Content/EditorResources/S_TriggerCapsule.uexp" 435
"../../../Engine/Content/EditorResources/S_TriggerBox.uasset" 436
"../../../Engine/Content/EditorResources/S_TriggerBox.uexp" 437
"../../../Engine/Content/EditorResources/S_Trigger.ubulk" 438
"../../../Engine/Content/EditorResources/S_Trigger.uasset" 439
"../../../Engine/Content/EditorResources/S_Trigger.uexp" 440
"../../../Engine/Content/EditorResources/S_Terrain.ubulk" 441
"../../../Engine/Content/EditorResources/S_Terrain.uasset" 442
"../../../Engine/Content/EditorResources/S_Terrain.uexp" 443
"../../../Engine/Content/EditorResources/S_Solver.ubulk" 444
"../../../Engine/Content/EditorResources/S_Solver.uasset" 445
"../../../Engine/Content/EditorResources/S_Solver.uexp" 446
"../../../Engine/Content/EditorResources/S_BoxReflectionCapture.uasset" 447
"../../../Engine/Content/EditorResources/S_BoxReflectionCapture.uexp" 448
"../../../Engine/Content/EditorResources/BSPVertex.uasset" 449
"../../../Engine/Content/EditorResources/BSPVertex.uexp" 450
"../../../Engine/Plugins/VirtualProduction/CameraCalibrationCore/Content/Materials/M_DefaultOddSquare.uasset" 451
"../../../Engine/Plugins/VirtualProduction/CameraCalibrationCore/Content/Materials/M_DefaultOddSquare.uexp" 452
"../../../Engine/Plugins/VirtualProduction/CameraCalibrationCore/Content/Materials/M_DefaultEvenSquare.uasset" 453
"../../../Engine/Plugins/VirtualProduction/CameraCalibrationCore/Content/Materials/M_DefaultEvenSquare.uexp" 454
"../../../Engine/Plugins/Runtime/HairStrands/Content/Materials/HairMeshesDefaultMaterial.uasset" 455
"../../../Engine/Plugins/Runtime/HairStrands/Content/Materials/HairMeshesDefaultMaterial.uexp" 456
"../../../Engine/Plugins/Runtime/HairStrands/Content/Materials/HairDefaultMaterial.uasset" 457
"../../../Engine/Plugins/Runtime/HairStrands/Content/Materials/HairDefaultMaterial.uexp" 458
"../../../Engine/Content/Functions/Engine_MaterialFunctions02/Utility/MakeFloat2.uasset" 459
"../../../Engine/Content/Functions/Engine_MaterialFunctions02/Utility/MakeFloat2.uexp" 460
"../../../Engine/Content/Functions/Engine_MaterialFunctions02/Utility/MakeFloat3.uasset" 461
"../../../Engine/Content/Functions/Engine_MaterialFunctions02/Utility/MakeFloat3.uexp" 462
"../../../Engine/Content/EngineMaterials/HairDebugColor.uasset" 463
"../../../Engine/Content/EngineMaterials/HairDebugColor.uexp" 464
"../../../Engine/Content/EngineMaterials/HairColorMap.uasset" 465
"../../../Engine/Content/EngineMaterials/HairColorMap.uexp" 466
"../../../Engine/Plugins/Runtime/HairStrands/Content/Materials/HairGroupColors.uasset" 467
"../../../Engine/Plugins/Runtime/HairStrands/Content/Materials/HairGroupColors.uexp" 468
"../../../Engine/Plugins/Runtime/HairStrands/Content/Materials/HairDebugMaterial.uasset" 469
"../../../Engine/Plugins/Runtime/HairStrands/Content/Materials/HairDebugMaterial.uexp" 470
"../../../Engine/Plugins/Runtime/HairStrands/Content/Materials/HairCardsDefaultMaterial.uasset" 471
"../../../Engine/Plugins/Runtime/HairStrands/Content/Materials/HairCardsDefaultMaterial.uexp" 472
"../../../Engine/Plugins/Runtime/AudioWidgets/Content/Resources/ScrubHandleDown_Clamped.uasset" 473
"../../../Engine/Plugins/Runtime/AudioWidgets/Content/Resources/ScrubHandleDown_Clamped.uexp" 474
"../../../Engine/Plugins/Interchange/Assets/Content/Functions/MX_UsdPreviewSurface.uasset" 475
"../../../Engine/Plugins/Interchange/Assets/Content/Functions/MX_UsdPreviewSurface.uexp" 476
"../../../Engine/Plugins/Interchange/Assets/Content/Functions/MX_UniformEDF.uasset" 477
"../../../Engine/Plugins/Interchange/Assets/Content/Functions/MX_UniformEDF.uexp" 478
"../../../Engine/Plugins/Interchange/Assets/Content/Functions/MX_TranslucentBSDF.uasset" 479
"../../../Engine/Plugins/Interchange/Assets/Content/Functions/MX_TranslucentBSDF.uexp" 480
"../../../Engine/Plugins/Interchange/Assets/Content/Functions/MX_ThinFilmBSDF.uasset" 481
"../../../Engine/Plugins/Interchange/Assets/Content/Functions/MX_ThinFilmBSDF.uexp" 482
"../../../Engine/Plugins/Interchange/Assets/Content/Functions/MX_SurfaceUnlit.uasset" 483
"../../../Engine/Plugins/Interchange/Assets/Content/Functions/MX_SurfaceUnlit.uexp" 484
"../../../Engine/Plugins/Interchange/Assets/Content/Functions/MX_Surface.uasset" 485
"../../../Engine/Plugins/Interchange/Assets/Content/Functions/MX_Surface.uexp" 486
"../../../Engine/Plugins/Interchange/Assets/Content/Functions/MX_SubsurfaceBSDF.uasset" 487
"../../../Engine/Plugins/Interchange/Assets/Content/Functions/MX_SubsurfaceBSDF.uexp" 488
"../../../Engine/Plugins/Interchange/Assets/Content/Functions/MX_SheenBSDF.uasset" 489
"../../../Engine/Plugins/Interchange/Assets/Content/Functions/MX_SheenBSDF.uexp" 490
"../../../Engine/Plugins/Interchange/Assets/Content/Functions/MX_OrenNayarBSDF.uasset" 491
"../../../Engine/Plugins/Interchange/Assets/Content/Functions/MX_OrenNayarBSDF.uexp" 492
"../../../Engine/Plugins/Interchange/Assets/Content/Functions/MF_IridescenceNoLUT.uasset" 493
"../../../Engine/Plugins/Interchange/Assets/Content/Functions/MF_IridescenceNoLUT.uexp" 494
"../../../Engine/Plugins/Interchange/Assets/Content/Functions/MX_StandardSurface.uasset" 495
"../../../Engine/Plugins/Interchange/Assets/Content/Functions/MX_StandardSurface.uexp" 496
"../../../Engine/Plugins/Interchange/Assets/Content/Functions/MX_TransmissionSurface.uasset" 497
"../../../Engine/Plugins/Interchange/Assets/Content/Functions/MX_TransmissionSurface.uexp" 498
"../../../Engine/Plugins/Interchange/Assets/Content/Functions/MX_OpenPBR_Translucent.uasset" 499
"../../../Engine/Plugins/Interchange/Assets/Content/Functions/MX_OpenPBR_Translucent.uexp" 500
"../../../Engine/Plugins/Interchange/Assets/Content/Functions/MX_OpenPBR_Opaque.uasset" 501
"../../../Engine/Plugins/Interchange/Assets/Content/Functions/MX_OpenPBR_Opaque.uexp" 502
"../../../Engine/Plugins/Interchange/Assets/Content/Functions/MX_MeasuredEDF.uasset" 503
"../../../Engine/Plugins/Interchange/Assets/Content/Functions/MX_MeasuredEDF.uexp" 504
"../../../Engine/Plugins/Interchange/Assets/Content/Functions/MX_GeneralizedSchlickBSDF.uasset" 505
"../../../Engine/Plugins/Interchange/Assets/Content/Functions/MX_GeneralizedSchlickBSDF.uexp" 506
"../../../Engine/Plugins/Interchange/Assets/Content/Functions/MX_Displacement.uasset" 507
"../../../Engine/Plugins/Interchange/Assets/Content/Functions/MX_Displacement.uexp" 508
"../../../Engine/Plugins/Interchange/Assets/Content/Functions/MX_DielectricBSDF.uasset" 509
"../../../Engine/Plugins/Interchange/Assets/Content/Functions/MX_DielectricBSDF.uexp" 510
"../../../Engine/Plugins/Interchange/Assets/Content/Functions/MX_ConicalEDF.uasset" 511
"../../../Engine/Plugins/Interchange/Assets/Content/Functions/MX_ConicalEDF.uexp" 512
"../../../Engine/Plugins/Interchange/Assets/Content/Functions/MX_ConductorBSDF.uasset" 513
"../../../Engine/Plugins/Interchange/Assets/Content/Functions/MX_ConductorBSDF.uexp" 514
"../../../Engine/Plugins/Interchange/Assets/Content/Functions/MX_BurleyDiffuseBSDF.uasset" 515
"../../../Engine/Plugins/Interchange/Assets/Content/Functions/MX_BurleyDiffuseBSDF.uexp" 516
"../../../Engine/Plugins/Interchange/Assets/Content/Functions/MX_AnisotropicVDF.uasset" 517
"../../../Engine/Plugins/Interchange/Assets/Content/Functions/MX_AnisotropicVDF.uexp" 518
"../../../Engine/Plugins/Interchange/Assets/Content/Functions/MX_AbsorptionVDF.uasset" 519
"../../../Engine/Plugins/Interchange/Assets/Content/Functions/MX_AbsorptionVDF.uexp" 520
"../../../Engine/Content/EngineResources/FilmGrains/Marcie_Grain_v3_128_M2_000.uasset" 521
"../../../Engine/Content/EngineResources/FilmGrains/Marcie_Grain_v3_128_M2_000.uexp" 522
"../../../Engine/Content/EngineResources/Development/ZenLogo_64.uasset" 523
"../../../Engine/Content/EngineResources/Development/ZenLogo_64.uexp" 524
"../../../Engine/Content/EngineMaterials/LTC/Sheen_LTC.uasset" 525
"../../../Engine/Content/EngineMaterials/LTC/Sheen_LTC.uexp" 526
"../../../Engine/Content/EngineMaterials/LTC/GGX_LTCMat.uasset" 527
"../../../Engine/Content/EngineMaterials/LTC/GGX_LTCMat.uexp" 528
"../../../Engine/Content/EngineMaterials/LTC/GGX_LTCAmp.uasset" 529
"../../../Engine/Content/EngineMaterials/LTC/GGX_LTCAmp.uexp" 530
"../../../Engine/Content/EngineMaterials/EnergyConservation/Sheen_Energy.uasset" 531
"../../../Engine/Content/EngineMaterials/EnergyConservation/Sheen_Energy.uexp" 532
"../../../Engine/Content/EngineMaterials/EnergyConservation/SheenLegacy_Energy.uasset" 533
"../../../Engine/Content/EngineMaterials/EnergyConservation/SheenLegacy_Energy.uexp" 534
"../../../Engine/Content/EngineMaterials/EnergyConservation/GGX_TransmissionEnergyArray.uasset" 535
"../../../Engine/Content/EngineMaterials/EnergyConservation/GGX_TransmissionEnergyArray.uexp" 536
"../../../Engine/Content/EngineMaterials/EnergyConservation/GGX_ReflectionEnergy.uasset" 537
"../../../Engine/Content/EngineMaterials/EnergyConservation/GGX_ReflectionEnergy.uexp" 538
"../../../Engine/Content/EngineMaterials/EnergyConservation/Diffuse_Energy.uasset" 539
"../../../Engine/Content/EngineMaterials/EnergyConservation/Diffuse_Energy.uexp" 540
"../../../Engine/Content/EditorResources/SequenceRecorder/RecordingIndicator.uasset" 541
"../../../Engine/Content/EditorResources/SequenceRecorder/RecordingIndicator.uexp" 542
"../../../Engine/Content/EditorResources/SequenceRecorder/Countdown.uasset" 543
"../../../Engine/Content/EditorResources/SequenceRecorder/Countdown.uexp" 544
"../../../Engine/Content/EditorMaterials/ParticleSystems/PSysThumbnail_OOD.ubulk" 545
"../../../Engine/Content/EditorMaterials/ParticleSystems/PSysThumbnail_OOD.uasset" 546
"../../../Engine/Content/EditorMaterials/ParticleSystems/PSysThumbnail_OOD.uexp" 547
"../../../Engine/Content/EditorMaterials/ParticleSystems/PSysThumbnail_NoImage.ubulk" 548
"../../../Engine/Content/EditorMaterials/ParticleSystems/PSysThumbnail_NoImage.uasset" 549
"../../../Engine/Content/EditorMaterials/ParticleSystems/PSysThumbnail_NoImage.uexp" 550
"../../../Engine/Content/EditorMaterials/Dataflow/DataflowVertexMaterial.uasset" 551
"../../../Engine/Content/EditorMaterials/Dataflow/DataflowVertexMaterial.uexp" 552
"../../../Engine/Content/EditorMaterials/Dataflow/DataflowTwoSidedVertexMaterial.uasset" 553
"../../../Engine/Content/EditorMaterials/Dataflow/DataflowTwoSidedVertexMaterial.uexp" 554
"../../../Engine/Content/Functions/Engine_MaterialFunctions01/Shading/PowerToRoughness.uasset" 555
"../../../Engine/Content/Functions/Engine_MaterialFunctions01/Shading/PowerToRoughness.uexp" 556
"../../../Engine/Content/Functions/Engine_MaterialFunctions01/Shading/ConvertFromDiffSpec.uasset" 557
"../../../Engine/Content/Functions/Engine_MaterialFunctions01/Shading/ConvertFromDiffSpec.uexp" 558
"../../../Engine/Content/EngineMaterials/T_Default_Material_Grid_M.ubulk" 559
"../../../Engine/Content/EngineMaterials/T_Default_Material_Grid_M.uasset" 560
"../../../Engine/Content/EngineMaterials/T_Default_Material_Grid_M.uexp" 561
"../../../Engine/Content/EngineMaterials/T_Default_Material_Grid_N.ubulk" 562
"../../../Engine/Content/EngineMaterials/T_Default_Material_Grid_N.uasset" 563
"../../../Engine/Content/EngineMaterials/T_Default_Material_Grid_N.uexp" 564
"../../../Engine/Content/EngineMaterials/WorldGridMaterial.uasset" 565
"../../../Engine/Content/EngineMaterials/WorldGridMaterial.uexp" 566
"../../../Engine/Content/ArtTools/RenderToTexture/Meshes/S_1_Unit_Plane.ubulk" 567
"../../../Engine/Content/ArtTools/RenderToTexture/Meshes/S_1_Unit_Plane.uasset" 568
"../../../Engine/Content/ArtTools/RenderToTexture/Meshes/S_1_Unit_Plane.uexp" 569
"../../../Engine/Content/VREditor/TransformGizmo/TranslucentTransformGizmoMaterial.uasset" 570
"../../../Engine/Content/VREditor/TransformGizmo/TranslucentTransformGizmoMaterial.uexp" 571
"../../../Engine/Content/VREditor/LaserPointer/VR_LaserPower_01.ubulk" 572
"../../../Engine/Content/VREditor/LaserPointer/VR_LaserPower_01.uasset" 573
"../../../Engine/Content/VREditor/LaserPointer/VR_LaserPower_01.uexp" 574
"../../../Engine/Content/VREditor/TransformGizmo/TransformGizmoMaterial.uasset" 575
"../../../Engine/Content/VREditor/TransformGizmo/TransformGizmoMaterial.uexp" 576
"../../../Engine/Content/VREditor/TransformGizmo/BoundingBoxCorner.ubulk" 577
"../../../Engine/Content/VREditor/TransformGizmo/BoundingBoxCorner.uasset" 578
"../../../Engine/Content/VREditor/TransformGizmo/BoundingBoxCorner.uexp" 579
"../../../Engine/Content/VREditor/TransformGizmo/BoundingBoxEdge.ubulk" 580
"../../../Engine/Content/VREditor/TransformGizmo/BoundingBoxEdge.uasset" 581
"../../../Engine/Content/VREditor/TransformGizmo/BoundingBoxEdge.uexp" 582
"../../../Engine/Content/VREditor/TransformGizmo/Xray.uasset" 583
"../../../Engine/Content/VREditor/TransformGizmo/Xray.uexp" 584
"../../../Engine/Content/VREditor/TransformGizmo/Main.uasset" 585
"../../../Engine/Content/VREditor/TransformGizmo/Main.uexp" 586
"../../../Engine/Content/VREditor/TransformGizmo/SM_Sequencer_Node.ubulk" 587
"../../../Engine/Content/VREditor/TransformGizmo/SM_Sequencer_Node.uasset" 588
"../../../Engine/Content/VREditor/TransformGizmo/SM_Sequencer_Node.uexp" 589
"../../../Engine/Content/EditorMaterials/Camera/CineMat.uasset" 590
"../../../Engine/Content/EditorMaterials/Camera/CineMat.uexp" 591
"../../../Engine/Content/EditorMaterials/Camera/MI_CineMat_Rig.uasset" 592
"../../../Engine/Content/EditorMaterials/Camera/MI_CineMat_Rig.uexp" 593
"../../../Engine/Content/EditorMeshes/Camera/SM_CraneRig_Arm.ubulk" 594
"../../../Engine/Content/EditorMeshes/Camera/SM_CraneRig_Arm.uasset" 595
"../../../Engine/Content/EditorMeshes/Camera/SM_CraneRig_Arm.uexp" 596
"../../../Engine/Content/EditorMeshes/Camera/SM_CraneRig_Base.ubulk" 597
"../../../Engine/Content/EditorMeshes/Camera/SM_CraneRig_Base.uasset" 598
"../../../Engine/Content/EditorMeshes/Camera/SM_CraneRig_Base.uexp" 599
"../../../Engine/Content/EditorMeshes/Camera/SM_CraneRig_Body.ubulk" 600
"../../../Engine/Content/EditorMeshes/Camera/SM_CraneRig_Body.uasset" 601
"../../../Engine/Content/EditorMeshes/Camera/SM_CraneRig_Body.uexp" 602
"../../../Engine/Content/EditorMeshes/Camera/SM_CraneRig_Mount.ubulk" 603
"../../../Engine/Content/EditorMeshes/Camera/SM_CraneRig_Mount.uasset" 604
"../../../Engine/Content/EditorMeshes/Camera/SM_CraneRig_Mount.uexp" 605
"../../../Engine/Content/EditorMeshes/Camera/SM_RailRig_Mount.ubulk" 606
"../../../Engine/Content/EditorMeshes/Camera/SM_RailRig_Mount.uasset" 607
"../../../Engine/Content/EditorMeshes/Camera/SM_RailRig_Mount.uexp" 608
"../../../Engine/Content/EditorMeshes/Camera/SM_RailRig_Track.ubulk" 609
"../../../Engine/Content/EditorMeshes/Camera/SM_RailRig_Track.uasset" 610
"../../../Engine/Content/EditorMeshes/Camera/SM_RailRig_Track.uexp" 611
"../../../Engine/Content/EngineMeshes/Sphere.ubulk" 612
"../../../Engine/Content/EngineMeshes/Sphere.uasset" 613
"../../../Engine/Content/EngineMeshes/Sphere.uexp" 614
"../../../Engine/Plugins/Animation/ControlRig/Content/Controls/ControlRig_Arrow2_1mm.ubulk" 615
"../../../Engine/Plugins/Animation/ControlRig/Content/Controls/ControlRig_Arrow2_1mm.uasset" 616
"../../../Engine/Plugins/Animation/ControlRig/Content/Controls/ControlRig_Arrow2_1mm.uexp" 617
"../../../Engine/Plugins/Animation/ControlRig/Content/Controls/ControlRig_Arrow2_3mm.ubulk" 618
"../../../Engine/Plugins/Animation/ControlRig/Content/Controls/ControlRig_Arrow2_3mm.uasset" 619
"../../../Engine/Plugins/Animation/ControlRig/Content/Controls/ControlRig_Arrow2_3mm.uexp" 620
"../../../Engine/Plugins/Animation/ControlRig/Content/Controls/ControlRig_Arrow2_solid.ubulk" 621
"../../../Engine/Plugins/Animation/ControlRig/Content/Controls/ControlRig_Arrow2_solid.uasset" 622
"../../../Engine/Plugins/Animation/ControlRig/Content/Controls/ControlRig_Arrow2_solid.uexp" 623
"../../../Engine/Plugins/Animation/ControlRig/Content/Controls/ControlRig_Arrow4_1mm.ubulk" 624
"../../../Engine/Plugins/Animation/ControlRig/Content/Controls/ControlRig_Arrow4_1mm.uasset" 625
"../../../Engine/Plugins/Animation/ControlRig/Content/Controls/ControlRig_Arrow4_1mm.uexp" 626
"../../../Engine/Plugins/Animation/ControlRig/Content/Controls/ControlRig_Arrow4_3mm.ubulk" 627
"../../../Engine/Plugins/Animation/ControlRig/Content/Controls/ControlRig_Arrow4_3mm.uasset" 628
"../../../Engine/Plugins/Animation/ControlRig/Content/Controls/ControlRig_Arrow4_3mm.uexp" 629
"../../../Engine/Plugins/Animation/ControlRig/Content/Controls/ControlRig_Arrow4_solid.ubulk" 630
"../../../Engine/Plugins/Animation/ControlRig/Content/Controls/ControlRig_Arrow4_solid.uasset" 631
"../../../Engine/Plugins/Animation/ControlRig/Content/Controls/ControlRig_Arrow4_solid.uexp" 632
"../../../Engine/Plugins/Animation/ControlRig/Content/Controls/ControlRig_Arrow_1mm.ubulk" 633
"../../../Engine/Plugins/Animation/ControlRig/Content/Controls/ControlRig_Arrow_1mm.uasset" 634
"../../../Engine/Plugins/Animation/ControlRig/Content/Controls/ControlRig_Arrow_1mm.uexp" 635
"../../../Engine/Plugins/Animation/ControlRig/Content/Controls/ControlRig_Arrow_3mm.ubulk" 636
"../../../Engine/Plugins/Animation/ControlRig/Content/Controls/ControlRig_Arrow_3mm.uasset" 637
"../../../Engine/Plugins/Animation/ControlRig/Content/Controls/ControlRig_Arrow_3mm.uexp" 638
"../../../Engine/Plugins/Animation/ControlRig/Content/Controls/ControlRig_Arrow_solid.ubulk" 639
"../../../Engine/Plugins/Animation/ControlRig/Content/Controls/ControlRig_Arrow_solid.uasset" 640
"../../../Engine/Plugins/Animation/ControlRig/Content/Controls/ControlRig_Arrow_solid.uexp" 641
"../../../Engine/Plugins/Animation/ControlRig/Content/Controls/ControlRig_Box_1mm.ubulk" 642
"../../../Engine/Plugins/Animation/ControlRig/Content/Controls/ControlRig_Box_1mm.uasset" 643
"../../../Engine/Plugins/Animation/ControlRig/Content/Controls/ControlRig_Box_1mm.uexp" 644
"../../../Engine/Plugins/Animation/ControlRig/Content/Controls/ControlRig_Box_3mm.ubulk" 645
"../../../Engine/Plugins/Animation/ControlRig/Content/Controls/ControlRig_Box_3mm.uasset" 646
"../../../Engine/Plugins/Animation/ControlRig/Content/Controls/ControlRig_Box_3mm.uexp" 647
"../../../Engine/Plugins/Animation/ControlRig/Content/Controls/ControlRig_Box_solid.ubulk" 648
"../../../Engine/Plugins/Animation/ControlRig/Content/Controls/ControlRig_Box_solid.uasset" 649
"../../../Engine/Plugins/Animation/ControlRig/Content/Controls/ControlRig_Box_solid.uexp" 650
"../../../Engine/Plugins/Animation/ControlRig/Content/Controls/ControlRig_Circle_1mm.ubulk" 651
"../../../Engine/Plugins/Animation/ControlRig/Content/Controls/ControlRig_Circle_1mm.uasset" 652
"../../../Engine/Plugins/Animation/ControlRig/Content/Controls/ControlRig_Circle_1mm.uexp" 653
"../../../Engine/Plugins/Animation/ControlRig/Content/Controls/ControlRig_Circle_3mm.ubulk" 654
"../../../Engine/Plugins/Animation/ControlRig/Content/Controls/ControlRig_Circle_3mm.uasset" 655
"../../../Engine/Plugins/Animation/ControlRig/Content/Controls/ControlRig_Circle_3mm.uexp" 656
"../../../Engine/Plugins/Animation/ControlRig/Content/Controls/ControlRig_Circle_solid.ubulk" 657
"../../../Engine/Plugins/Animation/ControlRig/Content/Controls/ControlRig_Circle_solid.uasset" 658
"../../../Engine/Plugins/Animation/ControlRig/Content/Controls/ControlRig_Circle_solid.uexp" 659
"../../../Engine/Plugins/Animation/ControlRig/Content/Controls/ControlRig_Diamond_1mm.ubulk" 660
"../../../Engine/Plugins/Animation/ControlRig/Content/Controls/ControlRig_Diamond_1mm.uasset" 661
"../../../Engine/Plugins/Animation/ControlRig/Content/Controls/ControlRig_Diamond_1mm.uexp" 662
"../../../Engine/Plugins/Animation/ControlRig/Content/Controls/ControlRig_Diamond_3mm.ubulk" 663
"../../../Engine/Plugins/Animation/ControlRig/Content/Controls/ControlRig_Diamond_3mm.uasset" 664
"../../../Engine/Plugins/Animation/ControlRig/Content/Controls/ControlRig_Diamond_3mm.uexp" 665
"../../../Engine/Plugins/Animation/ControlRig/Content/Controls/ControlRig_Diamond_solid.ubulk" 666
"../../../Engine/Plugins/Animation/ControlRig/Content/Controls/ControlRig_Diamond_solid.uasset" 667
"../../../Engine/Plugins/Animation/ControlRig/Content/Controls/ControlRig_Diamond_solid.uexp" 668
"../../../Engine/Plugins/Animation/ControlRig/Content/Controls/ControlRig_HalfCircle_1mm.ubulk" 669
"../../../Engine/Plugins/Animation/ControlRig/Content/Controls/ControlRig_HalfCircle_1mm.uasset" 670
"../../../Engine/Plugins/Animation/ControlRig/Content/Controls/ControlRig_HalfCircle_1mm.uexp" 671
"../../../Engine/Plugins/Animation/ControlRig/Content/Controls/ControlRig_HalfCircle_3mm.ubulk" 672
"../../../Engine/Plugins/Animation/ControlRig/Content/Controls/ControlRig_HalfCircle_3mm.uasset" 673
"../../../Engine/Plugins/Animation/ControlRig/Content/Controls/ControlRig_HalfCircle_3mm.uexp" 674
"../../../Engine/Plugins/Animation/ControlRig/Content/Controls/ControlRig_HalfCircle_solid.ubulk" 675
"../../../Engine/Plugins/Animation/ControlRig/Content/Controls/ControlRig_HalfCircle_solid.uasset" 676
"../../../Engine/Plugins/Animation/ControlRig/Content/Controls/ControlRig_HalfCircle_solid.uexp" 677
"../../../Engine/Plugins/Animation/ControlRig/Content/Controls/ControlRig_Hexagon_1mm.ubulk" 678
"../../../Engine/Plugins/Animation/ControlRig/Content/Controls/ControlRig_Hexagon_1mm.uasset" 679
"../../../Engine/Plugins/Animation/ControlRig/Content/Controls/ControlRig_Hexagon_1mm.uexp" 680
"../../../Engine/Plugins/Animation/ControlRig/Content/Controls/ControlRig_Hexagon_3mm.ubulk" 681
"../../../Engine/Plugins/Animation/ControlRig/Content/Controls/ControlRig_Hexagon_3mm.uasset" 682
"../../../Engine/Plugins/Animation/ControlRig/Content/Controls/ControlRig_Hexagon_3mm.uexp" 683
"../../../Engine/Plugins/Animation/ControlRig/Content/Controls/ControlRig_Hexagon_solid.ubulk" 684
"../../../Engine/Plugins/Animation/ControlRig/Content/Controls/ControlRig_Hexagon_solid.uasset" 685
"../../../Engine/Plugins/Animation/ControlRig/Content/Controls/ControlRig_Hexagon_solid.uexp" 686
"../../../Engine/Plugins/Animation/ControlRig/Content/Controls/ControlRig_Octagon_1mm.ubulk" 687
"../../../Engine/Plugins/Animation/ControlRig/Content/Controls/ControlRig_Octagon_1mm.uasset" 688
"../../../Engine/Plugins/Animation/ControlRig/Content/Controls/ControlRig_Octagon_1mm.uexp" 689
"../../../Engine/Plugins/Animation/ControlRig/Content/Controls/ControlRig_Octagon_3mm.ubulk" 690
"../../../Engine/Plugins/Animation/ControlRig/Content/Controls/ControlRig_Octagon_3mm.uasset" 691
"../../../Engine/Plugins/Animation/ControlRig/Content/Controls/ControlRig_Octagon_3mm.uexp" 692
"../../../Engine/Plugins/Animation/ControlRig/Content/Controls/ControlRig_Octagon_solid.ubulk" 693
"../../../Engine/Plugins/Animation/ControlRig/Content/Controls/ControlRig_Octagon_solid.uasset" 694
"../../../Engine/Plugins/Animation/ControlRig/Content/Controls/ControlRig_Octagon_solid.uexp" 695
"../../../Engine/Plugins/Animation/ControlRig/Content/Controls/ControlRig_Pyramid_1mm.ubulk" 696
"../../../Engine/Plugins/Animation/ControlRig/Content/Controls/ControlRig_Pyramid_1mm.uasset" 697
"../../../Engine/Plugins/Animation/ControlRig/Content/Controls/ControlRig_Pyramid_1mm.uexp" 698
"../../../Engine/Plugins/Animation/ControlRig/Content/Controls/ControlRig_Pyramid_3mm.ubulk" 699
"../../../Engine/Plugins/Animation/ControlRig/Content/Controls/ControlRig_Pyramid_3mm.uasset" 700
"../../../Engine/Plugins/Animation/ControlRig/Content/Controls/ControlRig_Pyramid_3mm.uexp" 701
"../../../Engine/Plugins/Animation/ControlRig/Content/Controls/ControlRig_Pyramid_solid.ubulk" 702
"../../../Engine/Plugins/Animation/ControlRig/Content/Controls/ControlRig_Pyramid_solid.uasset" 703
"../../../Engine/Plugins/Animation/ControlRig/Content/Controls/ControlRig_Pyramid_solid.uexp" 704
"../../../Engine/Plugins/Animation/ControlRig/Content/Controls/ControlRig_QuarterCircle_1mm.ubulk" 705
"../../../Engine/Plugins/Animation/ControlRig/Content/Controls/ControlRig_QuarterCircle_1mm.uasset" 706
"../../../Engine/Plugins/Animation/ControlRig/Content/Controls/ControlRig_QuarterCircle_1mm.uexp" 707
"../../../Engine/Plugins/Animation/ControlRig/Content/Controls/ControlRig_QuarterCircle_3mm.ubulk" 708
"../../../Engine/Plugins/Animation/ControlRig/Content/Controls/ControlRig_QuarterCircle_3mm.uasset" 709
"../../../Engine/Plugins/Animation/ControlRig/Content/Controls/ControlRig_QuarterCircle_3mm.uexp" 710
"../../../Engine/Plugins/Animation/ControlRig/Content/Controls/ControlRig_QuarterCircle_solid.ubulk" 711
"../../../Engine/Plugins/Animation/ControlRig/Content/Controls/ControlRig_QuarterCircle_solid.uasset" 712
"../../../Engine/Plugins/Animation/ControlRig/Content/Controls/ControlRig_QuarterCircle_solid.uexp" 713
"../../../Engine/Plugins/Animation/ControlRig/Content/Controls/ControlRig_RoundedSquare_1mm.ubulk" 714
"../../../Engine/Plugins/Animation/ControlRig/Content/Controls/ControlRig_RoundedSquare_1mm.uasset" 715
"../../../Engine/Plugins/Animation/ControlRig/Content/Controls/ControlRig_RoundedSquare_1mm.uexp" 716
"../../../Engine/Plugins/Animation/ControlRig/Content/Controls/ControlRig_RoundedSquare_3mm.ubulk" 717
"../../../Engine/Plugins/Animation/ControlRig/Content/Controls/ControlRig_RoundedSquare_3mm.uasset" 718
"../../../Engine/Plugins/Animation/ControlRig/Content/Controls/ControlRig_RoundedSquare_3mm.uexp" 719
"../../../Engine/Plugins/Animation/ControlRig/Content/Controls/ControlRig_RoundedSquare_solid.ubulk" 720
"../../../Engine/Plugins/Animation/ControlRig/Content/Controls/ControlRig_RoundedSquare_solid.uasset" 721
"../../../Engine/Plugins/Animation/ControlRig/Content/Controls/ControlRig_RoundedSquare_solid.uexp" 722
"../../../Engine/Plugins/Animation/ControlRig/Content/Controls/ControlRig_RoundedTriangle_1mm.ubulk" 723
"../../../Engine/Plugins/Animation/ControlRig/Content/Controls/ControlRig_RoundedTriangle_1mm.uasset" 724
"../../../Engine/Plugins/Animation/ControlRig/Content/Controls/ControlRig_RoundedTriangle_1mm.uexp" 725
"../../../Engine/Plugins/Animation/ControlRig/Content/Controls/ControlRig_RoundedTriangle_3mm.ubulk" 726
"../../../Engine/Plugins/Animation/ControlRig/Content/Controls/ControlRig_RoundedTriangle_3mm.uasset" 727
"../../../Engine/Plugins/Animation/ControlRig/Content/Controls/ControlRig_RoundedTriangle_3mm.uexp" 728
"../../../Engine/Plugins/Animation/ControlRig/Content/Controls/ControlRig_RoundedTriangle_solid.ubulk" 729
"../../../Engine/Plugins/Animation/ControlRig/Content/Controls/ControlRig_RoundedTriangle_solid.uasset" 730
"../../../Engine/Plugins/Animation/ControlRig/Content/Controls/ControlRig_RoundedTriangle_solid.uexp" 731
"../../../Engine/Plugins/Animation/ControlRig/Content/Controls/ControlRig_Sphere_1mm.ubulk" 732
"../../../Engine/Plugins/Animation/ControlRig/Content/Controls/ControlRig_Sphere_1mm.uasset" 733
"../../../Engine/Plugins/Animation/ControlRig/Content/Controls/ControlRig_Sphere_1mm.uexp" 734
"../../../Engine/Plugins/Animation/ControlRig/Content/Controls/ControlRig_Sphere_3mm.ubulk" 735
"../../../Engine/Plugins/Animation/ControlRig/Content/Controls/ControlRig_Sphere_3mm.uasset" 736
"../../../Engine/Plugins/Animation/ControlRig/Content/Controls/ControlRig_Sphere_3mm.uexp" 737
"../../../Engine/Plugins/Animation/ControlRig/Content/Controls/ControlRig_Sphere_solid.ubulk" 738
"../../../Engine/Plugins/Animation/ControlRig/Content/Controls/ControlRig_Sphere_solid.uasset" 739
"../../../Engine/Plugins/Animation/ControlRig/Content/Controls/ControlRig_Sphere_solid.uexp" 740
"../../../Engine/Plugins/Animation/ControlRig/Content/Controls/ControlRig_Square_1mm.ubulk" 741
"../../../Engine/Plugins/Animation/ControlRig/Content/Controls/ControlRig_Square_1mm.uasset" 742
"../../../Engine/Plugins/Animation/ControlRig/Content/Controls/ControlRig_Square_1mm.uexp" 743
"../../../Engine/Plugins/Animation/ControlRig/Content/Controls/ControlRig_Square_3mm.ubulk" 744
"../../../Engine/Plugins/Animation/ControlRig/Content/Controls/ControlRig_Square_3mm.uasset" 745
"../../../Engine/Plugins/Animation/ControlRig/Content/Controls/ControlRig_Square_3mm.uexp" 746
"../../../Engine/Plugins/Animation/ControlRig/Content/Controls/ControlRig_Square_solid.ubulk" 747
"../../../Engine/Plugins/Animation/ControlRig/Content/Controls/ControlRig_Square_solid.uasset" 748
"../../../Engine/Plugins/Animation/ControlRig/Content/Controls/ControlRig_Square_solid.uexp" 749
"../../../Engine/Plugins/Animation/ControlRig/Content/Controls/ControlRig_Star4_1mm.ubulk" 750
"../../../Engine/Plugins/Animation/ControlRig/Content/Controls/ControlRig_Star4_1mm.uasset" 751
"../../../Engine/Plugins/Animation/ControlRig/Content/Controls/ControlRig_Star4_1mm.uexp" 752
"../../../Engine/Plugins/Animation/ControlRig/Content/Controls/ControlRig_Star4_3mm.ubulk" 753
"../../../Engine/Plugins/Animation/ControlRig/Content/Controls/ControlRig_Star4_3mm.uasset" 754
"../../../Engine/Plugins/Animation/ControlRig/Content/Controls/ControlRig_Star4_3mm.uexp" 755
"../../../Engine/Plugins/Animation/ControlRig/Content/Controls/ControlRig_Star4_solid.ubulk" 756
"../../../Engine/Plugins/Animation/ControlRig/Content/Controls/ControlRig_Star4_solid.uasset" 757
"../../../Engine/Plugins/Animation/ControlRig/Content/Controls/ControlRig_Star4_solid.uexp" 758
"../../../Engine/Plugins/Animation/ControlRig/Content/Controls/ControlRig_Triangle_1mm.ubulk" 759
"../../../Engine/Plugins/Animation/ControlRig/Content/Controls/ControlRig_Triangle_1mm.uasset" 760
"../../../Engine/Plugins/Animation/ControlRig/Content/Controls/ControlRig_Triangle_1mm.uexp" 761
"../../../Engine/Plugins/Animation/ControlRig/Content/Controls/ControlRig_Triangle_3mm.ubulk" 762
"../../../Engine/Plugins/Animation/ControlRig/Content/Controls/ControlRig_Triangle_3mm.uasset" 763
"../../../Engine/Plugins/Animation/ControlRig/Content/Controls/ControlRig_Triangle_3mm.uexp" 764
"../../../Engine/Plugins/Animation/ControlRig/Content/Controls/ControlRig_Triangle_solid.ubulk" 765
"../../../Engine/Plugins/Animation/ControlRig/Content/Controls/ControlRig_Triangle_solid.uasset" 766
"../../../Engine/Plugins/Animation/ControlRig/Content/Controls/ControlRig_Triangle_solid.uexp" 767
"../../../Engine/Plugins/Animation/ControlRig/Content/Controls/ControlRig_Wedge_1mm.ubulk" 768
"../../../Engine/Plugins/Animation/ControlRig/Content/Controls/ControlRig_Wedge_1mm.uasset" 769
"../../../Engine/Plugins/Animation/ControlRig/Content/Controls/ControlRig_Wedge_1mm.uexp" 770
"../../../Engine/Plugins/Animation/ControlRig/Content/Controls/ControlRig_Wedge_3mm.ubulk" 771
"../../../Engine/Plugins/Animation/ControlRig/Content/Controls/ControlRig_Wedge_3mm.uasset" 772
"../../../Engine/Plugins/Animation/ControlRig/Content/Controls/ControlRig_Wedge_3mm.uexp" 773
"../../../Engine/Plugins/Animation/ControlRig/Content/Controls/ControlRig_Wedge_solid.ubulk" 774
"../../../Engine/Plugins/Animation/ControlRig/Content/Controls/ControlRig_Wedge_solid.uasset" 775
"../../../Engine/Plugins/Animation/ControlRig/Content/Controls/ControlRig_Wedge_solid.uexp" 776
"../../../Engine/Content/EngineMaterials/DefaultMaterial.uasset" 777
"../../../Engine/Content/EngineMaterials/DefaultMaterial.uexp" 778
"../../../Engine/Content/BasicShapes/Cone.ubulk" 779
"../../../Engine/Content/BasicShapes/Cone.uasset" 780
"../../../Engine/Content/BasicShapes/Cone.uexp" 781
"../../../Engine/Content/BasicShapes/Cube.ubulk" 782
"../../../Engine/Content/BasicShapes/Cube.uasset" 783
"../../../Engine/Content/BasicShapes/Cube.uexp" 784
"../../../Engine/Content/BasicShapes/Cylinder.ubulk" 785
"../../../Engine/Content/BasicShapes/Cylinder.uasset" 786
"../../../Engine/Content/BasicShapes/Cylinder.uexp" 787
"../../../Engine/Content/BasicShapes/Plane.ubulk" 788
"../../../Engine/Content/BasicShapes/Plane.uasset" 789
"../../../Engine/Content/BasicShapes/Plane.uexp" 790
"../../../Engine/Content/BasicShapes/Sphere.ubulk" 791
"../../../Engine/Content/BasicShapes/Sphere.uasset" 792
"../../../Engine/Content/BasicShapes/Sphere.uexp" 793
"../../../Engine/Content/EditorLandscapeResources/SplineEditorMeshMat.uasset" 794
"../../../Engine/Content/EditorLandscapeResources/SplineEditorMeshMat.uexp" 795
"../../../Engine/Content/EditorLandscapeResources/SplineEditorMesh.ubulk" 796
"../../../Engine/Content/EditorLandscapeResources/SplineEditorMesh.uasset" 797
"../../../Engine/Content/EditorLandscapeResources/SplineEditorMesh.uexp" 798
"../../../Engine/Plugins/Media/MediaPlate/Content/SM_MediaPlateScreen.ubulk" 799
"../../../Engine/Plugins/Media/MediaPlate/Content/SM_MediaPlateScreen.uasset" 800
"../../../Engine/Plugins/Media/MediaPlate/Content/SM_MediaPlateScreen.uexp" 801
"../../../Engine/Content/EngineResources/DefaultTextureCube.uasset" 802
"../../../Engine/Content/EngineResources/DefaultTextureCube.uexp" 803
"../../../Engine/Content/EngineResources/DefaultVolumeTexture2D.uasset" 804
"../../../Engine/Content/EngineResources/DefaultVolumeTexture2D.uexp" 805
"../../../Engine/Content/EngineResources/DefaultVolumeTexture.uasset" 806
"../../../Engine/Content/EngineResources/DefaultVolumeTexture.uexp" 807
"../../../Engine/Plugins/2D/Paper2D/Content/DefaultSpriteMaterial.uasset" 808
"../../../Engine/Plugins/2D/Paper2D/Content/DefaultSpriteMaterial.uexp" 809
"../../../Engine/Plugins/2D/Paper2D/Content/OpaqueUnlitSpriteMaterial.uasset" 810
"../../../Engine/Plugins/2D/Paper2D/Content/OpaqueUnlitSpriteMaterial.uexp" 811
"../../../Engine/Plugins/2D/Paper2D/Content/MaskedUnlitSpriteMaterial.uasset" 812
"../../../Engine/Plugins/2D/Paper2D/Content/MaskedUnlitSpriteMaterial.uexp" 813
"../../../Engine/Plugins/NNE/NNEDenoiser/Content/NNE_oidn2-3-0_rt_hdr_calb_cnrm_large__dyn__fp16_opset11_ForwardAlpha.uasset" 814
"../../../Engine/Plugins/NNE/NNEDenoiser/Content/NNE_oidn2-3-0_rt_hdr_calb_cnrm_large__dyn__fp16_opset11_ForwardAlpha.uexp" 815
"../../../Engine/Plugins/NNE/NNEDenoiser/Content/NNE_oidn2-3-0_rt_hdr_calb_cnrm_large__dyn__fp16_opset11_DenoiseAlpha.uasset" 816
"../../../Engine/Plugins/NNE/NNEDenoiser/Content/NNE_oidn2-3-0_rt_hdr_calb_cnrm_large__dyn__fp16_opset11_DenoiseAlpha.uexp" 817
"../../../Engine/Plugins/NNE/NNEDenoiser/Content/NNE_oidn2-3-0_rt_hdr_alb_nrm__dyn__fp16_opset11_ForwardAlpha.uasset" 818
"../../../Engine/Plugins/NNE/NNEDenoiser/Content/NNE_oidn2-3-0_rt_hdr_alb_nrm__dyn__fp16_opset11_ForwardAlpha.uexp" 819
"../../../Engine/Plugins/NNE/NNEDenoiser/Content/NNE_oidn2-3-0_rt_hdr_alb_nrm__dyn__fp16_opset11_DenoiseAlpha.uasset" 820
"../../../Engine/Plugins/NNE/NNEDenoiser/Content/NNE_oidn2-3-0_rt_hdr_alb_nrm__dyn__fp16_opset11_DenoiseAlpha.uexp" 821
"../../../Engine/Plugins/NNE/NNEDenoiser/Content/NNE_oidn2-3-0_rt_hdr_alb_nrm_small__dyn__fp16_opset11_ForwardAlpha.uasset" 822
"../../../Engine/Plugins/NNE/NNEDenoiser/Content/NNE_oidn2-3-0_rt_hdr_alb_nrm_small__dyn__fp16_opset11_ForwardAlpha.uexp" 823
"../../../Engine/Plugins/NNE/NNEDenoiser/Content/NNE_oidn2-3-0_rt_hdr_alb_nrm_small__dyn__fp16_opset11_DenoiseAlpha.uasset" 824
"../../../Engine/Plugins/NNE/NNEDenoiser/Content/NNE_oidn2-3-0_rt_hdr_alb_nrm_small__dyn__fp16_opset11_DenoiseAlpha.uexp" 825
"../../../Engine/Content/Functions/Engine_MaterialFunctions03/Math/WithinRangeFloat2.uasset" 826
"../../../Engine/Content/Functions/Engine_MaterialFunctions03/Math/WithinRangeFloat2.uexp" 827
"../../../Engine/Content/EditorLandscapeResources/SelectBrushMaterial.uasset" 828
"../../../Engine/Content/EditorLandscapeResources/SelectBrushMaterial.uexp" 829
"../../../Engine/Content/EditorLandscapeResources/SelectBrushMaterial_SelectedRegion.uasset" 830
"../../../Engine/Content/EditorLandscapeResources/SelectBrushMaterial_SelectedRegion.uexp" 831
"../../../Engine/Content/EditorLandscapeResources/SelectBrushMaterial_Selected.uasset" 832
"../../../Engine/Content/EditorLandscapeResources/SelectBrushMaterial_Selected.uexp" 833
"../../../Engine/Content/EditorLandscapeResources/MaskBrushMaterial.uasset" 834
"../../../Engine/Content/EditorLandscapeResources/MaskBrushMaterial.uexp" 835
"../../../Engine/Content/EditorLandscapeResources/MaskBrushMaterial_MaskedRegion.uasset" 836
"../../../Engine/Content/EditorLandscapeResources/MaskBrushMaterial_MaskedRegion.uexp" 837
"../../../Engine/Content/EditorLandscapeResources/ColorMaskBrushMaterial.uasset" 838
"../../../Engine/Content/EditorLandscapeResources/ColorMaskBrushMaterial.uexp" 839
"../../../Engine/Content/EditorLandscapeResources/ColorMaskBrushMaterial_MaskedRegion.uasset" 840
"../../../Engine/Content/EditorLandscapeResources/ColorMaskBrushMaterial_MaskedRegion.uexp" 841
"../../../Engine/Content/VREditor/Sounds/UI/Drop_Item_From_ContentBrowser.ubulk" 842
"../../../Engine/Content/VREditor/Sounds/UI/Drop_Item_From_ContentBrowser.uasset" 843
"../../../Engine/Content/VREditor/Sounds/UI/Drop_Item_From_ContentBrowser.uexp" 844
"../../../Engine/Content/VREditor/TransformGizmo/TransformGizmoMaterial_Inst.uasset" 845
"../../../Engine/Content/VREditor/TransformGizmo/TransformGizmoMaterial_Inst.uexp" 846
"../../../Engine/Content/VREditor/TransformGizmo/TranslucentTransformGizmoMaterial_Inst.uasset" 847
"../../../Engine/Content/VREditor/TransformGizmo/TranslucentTransformGizmoMaterial_Inst.uexp" 848
"../../../Engine/Content/Functions/Engine_MaterialFunctions02/Math/Transform3x3Matrix.uasset" 849
"../../../Engine/Content/Functions/Engine_MaterialFunctions02/Math/Transform3x3Matrix.uexp" 850
"../../../Engine/Content/Functions/Engine_MaterialFunctions02/SplitComponents.uasset" 851
"../../../Engine/Content/Functions/Engine_MaterialFunctions02/SplitComponents.uexp" 852
"../../../Engine/Content/VREditor/SnapGrid/SnapGridMaterial.uasset" 853
"../../../Engine/Content/VREditor/SnapGrid/SnapGridMaterial.uexp" 854
"../../../Engine/Content/VREditor/SnapGrid/SnapGridPlaneMesh.ubulk" 855
"../../../Engine/Content/VREditor/SnapGrid/SnapGridPlaneMesh.uasset" 856
"../../../Engine/Content/VREditor/SnapGrid/SnapGridPlaneMesh.uexp" 857
"../../../Engine/Content/VREditor/Sounds/UI/Gizmo_Handle_Clicked.ubulk" 858
"../../../Engine/Content/VREditor/Sounds/UI/Gizmo_Handle_Clicked.uasset" 859
"../../../Engine/Content/VREditor/Sounds/UI/Gizmo_Handle_Clicked.uexp" 860
"../../../Engine/Content/VREditor/Sounds/UI/Object_PickUp.ubulk" 861
"../../../Engine/Content/VREditor/Sounds/UI/Object_PickUp.uasset" 862
"../../../Engine/Content/VREditor/Sounds/UI/Object_PickUp.uexp" 863
"../../../Engine/Content/VREditor/Sounds/UI/Object_Snaps_To_Another_Actor.ubulk" 864
"../../../Engine/Content/VREditor/Sounds/UI/Object_Snaps_To_Another_Actor.uasset" 865
"../../../Engine/Content/VREditor/Sounds/UI/Object_Snaps_To_Another_Actor.uexp" 866
"../../../Engine/Content/VREditor/Sounds/UI/Object_Snaps_To_Grid.ubulk" 867
"../../../Engine/Content/VREditor/Sounds/UI/Object_Snaps_To_Grid.uasset" 868
"../../../Engine/Content/VREditor/Sounds/UI/Object_Snaps_To_Grid.uexp" 869
"../../../Engine/Content/VREditor/Sounds/UI/Scaling_Down.ubulk" 870
"../../../Engine/Content/VREditor/Sounds/UI/Scaling_Down.uasset" 871
"../../../Engine/Content/VREditor/Sounds/UI/Scaling_Down.uexp" 872
"../../../Engine/Content/VREditor/Sounds/UI/Scaling_Up.ubulk" 873
"../../../Engine/Content/VREditor/Sounds/UI/Scaling_Up.uasset" 874
"../../../Engine/Content/VREditor/Sounds/UI/Scaling_Up.uexp" 875
"../../../Engine/Content/VREditor/Sounds/UI/Selection_Changes.ubulk" 876
"../../../Engine/Content/VREditor/Sounds/UI/Selection_Changes.uasset" 877
"../../../Engine/Content/VREditor/Sounds/UI/Selection_Changes.uexp" 878
"../../../Engine/Content/VREditor/TransformGizmo/PlaneTranslationHandle.ubulk" 879
"../../../Engine/Content/VREditor/TransformGizmo/PlaneTranslationHandle.uasset" 880
"../../../Engine/Content/VREditor/TransformGizmo/PlaneTranslationHandle.uexp" 881
"../../../Engine/Content/VREditor/TransformGizmo/RotationHandleFull.ubulk" 882
"../../../Engine/Content/VREditor/TransformGizmo/RotationHandleFull.uasset" 883
"../../../Engine/Content/VREditor/TransformGizmo/RotationHandleFull.uexp" 884
"../../../Engine/Content/VREditor/TransformGizmo/RotationHandleIndicator.ubulk" 885
"../../../Engine/Content/VREditor/TransformGizmo/RotationHandleIndicator.uasset" 886
"../../../Engine/Content/VREditor/TransformGizmo/RotationHandleIndicator.uexp" 887
"../../../Engine/Content/VREditor/TransformGizmo/RotationHandleQuarter.ubulk" 888
"../../../Engine/Content/VREditor/TransformGizmo/RotationHandleQuarter.uasset" 889
"../../../Engine/Content/VREditor/TransformGizmo/RotationHandleQuarter.uexp" 890
"../../../Engine/Content/VREditor/TransformGizmo/StartRotationHandleIndicator.ubulk" 891
"../../../Engine/Content/VREditor/TransformGizmo/StartRotationHandleIndicator.uasset" 892
"../../../Engine/Content/VREditor/TransformGizmo/StartRotationHandleIndicator.uexp" 893
"../../../Engine/Content/VREditor/TransformGizmo/TransformGizmoFreeRotation.ubulk" 894
"../../../Engine/Content/VREditor/TransformGizmo/TransformGizmoFreeRotation.uasset" 895
"../../../Engine/Content/VREditor/TransformGizmo/TransformGizmoFreeRotation.uexp" 896
"../../../Engine/Content/VREditor/TransformGizmo/TranslateArrowHandle.ubulk" 897
"../../../Engine/Content/VREditor/TransformGizmo/TranslateArrowHandle.uasset" 898
"../../../Engine/Content/VREditor/TransformGizmo/TranslateArrowHandle.uexp" 899
"../../../Engine/Content/VREditor/TransformGizmo/UniformScaleHandle.ubulk" 900
"../../../Engine/Content/VREditor/TransformGizmo/UniformScaleHandle.uasset" 901
"../../../Engine/Content/VREditor/TransformGizmo/UniformScaleHandle.uexp" 902
"../../../Engine/Content/EngineResources/LandscapeVisibilityLayerInfo.uasset" 903
"../../../Engine/Content/EngineResources/LandscapeVisibilityLayerInfo.uexp" 904
"../../../Engine/Content/EngineResources/WhiteSquareTexture.uasset" 905
"../../../Engine/Content/EngineResources/WhiteSquareTexture.uexp" 906
"../../../Engine/Content/EngineMaterials/Widget3DPassThrough.uasset" 907
"../../../Engine/Content/EngineMaterials/Widget3DPassThrough.uexp" 908
"../../../Engine/Content/EngineMaterials/Widget3DPassThrough_Translucent.uasset" 909
"../../../Engine/Content/EngineMaterials/Widget3DPassThrough_Translucent.uexp" 910
"../../../Engine/Content/EngineMaterials/Widget3DPassThrough_Translucent_OneSided.uasset" 911
"../../../Engine/Content/EngineMaterials/Widget3DPassThrough_Translucent_OneSided.uexp" 912
"../../../Engine/Content/EngineMaterials/Widget3DPassThrough_Opaque.uasset" 913
"../../../Engine/Content/EngineMaterials/Widget3DPassThrough_Opaque.uexp" 914
"../../../Engine/Content/EngineMaterials/Widget3DPassThrough_Opaque_OneSided.uasset" 915
"../../../Engine/Content/EngineMaterials/Widget3DPassThrough_Opaque_OneSided.uexp" 916
"../../../Engine/Content/EngineMaterials/Widget3DPassThrough_Masked_OneSided.uasset" 917
"../../../Engine/Content/EngineMaterials/Widget3DPassThrough_Masked_OneSided.uexp" 918
"../../../Engine/Content/EngineMaterials/Widget3DPassThrough_Masked.uasset" 919
"../../../Engine/Content/EngineMaterials/Widget3DPassThrough_Masked.uexp" 920
"../../../Engine/Content/EngineMaterials/WeightMapPlaceholderTexture.uasset" 921
"../../../Engine/Content/EngineMaterials/WeightMapPlaceholderTexture.uexp" 922
"../../../Engine/Content/EngineMaterials/WeightMapArrayPlaceholderTexture.uasset" 923
"../../../Engine/Content/EngineMaterials/WeightMapArrayPlaceholderTexture.uexp" 924
"../../../Engine/Plugins/Interchange/Assets/Content/gltf/Textures/T_White_srgb.uasset" 925
"../../../Engine/Plugins/Interchange/Assets/Content/gltf/Textures/T_White_srgb.uexp" 926
"../../../Engine/Plugins/Interchange/Assets/Content/gltf/MaterialFunctions/MF_BaseColor.uasset" 927
"../../../Engine/Plugins/Interchange/Assets/Content/gltf/MaterialFunctions/MF_BaseColor.uexp" 928
"../../../Engine/Plugins/Interchange/Assets/Content/gltf/MaterialFunctions/MF_RotateV2.uasset" 929
"../../../Engine/Plugins/Interchange/Assets/Content/gltf/MaterialFunctions/MF_RotateV2.uexp" 930
"../../../Engine/Plugins/Interchange/Assets/Content/gltf/MaterialFunctions/MF_TransformUVs.uasset" 931
"../../../Engine/Plugins/Interchange/Assets/Content/gltf/MaterialFunctions/MF_TransformUVs.uexp" 932
"../../../Engine/Plugins/Interchange/Assets/Content/gltf/MaterialBodies/MF_Unlit_Body.uasset" 933
"../../../Engine/Plugins/Interchange/Assets/Content/gltf/MaterialBodies/MF_Unlit_Body.uexp" 934
"../../../Engine/Plugins/Interchange/Assets/Content/gltf/M_Unlit.uasset" 935
"../../../Engine/Plugins/Interchange/Assets/Content/gltf/M_Unlit.uexp" 936
"../../../Engine/Plugins/Interchange/Assets/Content/gltf/MaterialInstances/MI_Unlit_Opaque_DS.uasset" 937
"../../../Engine/Plugins/Interchange/Assets/Content/gltf/MaterialInstances/MI_Unlit_Opaque_DS.uexp" 938
"../../../Engine/Plugins/Interchange/Assets/Content/gltf/MaterialInstances/MI_Unlit_Opaque.uasset" 939
"../../../Engine/Plugins/Interchange/Assets/Content/gltf/MaterialInstances/MI_Unlit_Opaque.uexp" 940
"../../../Engine/Plugins/Interchange/Assets/Content/gltf/MaterialInstances/MI_Unlit_Mask_DS.uasset" 941
"../../../Engine/Plugins/Interchange/Assets/Content/gltf/MaterialInstances/MI_Unlit_Mask_DS.uexp" 942
"../../../Engine/Plugins/Interchange/Assets/Content/gltf/MaterialInstances/MI_Unlit_Mask.uasset" 943
"../../../Engine/Plugins/Interchange/Assets/Content/gltf/MaterialInstances/MI_Unlit_Mask.uexp" 944
"../../../Engine/Plugins/Interchange/Assets/Content/gltf/MaterialInstances/MI_Unlit_Blend_DS.uasset" 945
"../../../Engine/Plugins/Interchange/Assets/Content/gltf/MaterialInstances/MI_Unlit_Blend_DS.uexp" 946
"../../../Engine/Plugins/Interchange/Assets/Content/gltf/MaterialInstances/MI_Unlit_Blend.uasset" 947
"../../../Engine/Plugins/Interchange/Assets/Content/gltf/MaterialInstances/MI_Unlit_Blend.uexp" 948
"../../../Engine/Content/EngineMaterials/Good64x64TilingNoiseHighFreq.uasset" 949
"../../../Engine/Content/EngineMaterials/Good64x64TilingNoiseHighFreq.uexp" 950
"../../../Engine/Content/Functions/Engine_MaterialFunctions02/Texturing/ScreenAlignedPixelToPixelUVs.uasset" 951
"../../../Engine/Content/Functions/Engine_MaterialFunctions02/Texturing/ScreenAlignedPixelToPixelUVs.uexp" 952
"../../../Engine/Plugins/Interchange/Assets/Content/Utilities/New_LUT.uasset" 953
"../../../Engine/Plugins/Interchange/Assets/Content/Utilities/New_LUT.uexp" 954
"../../../Engine/Content/Functions/Engine_MaterialFunctions03/Math/RemapValueRange.uasset" 955
"../../../Engine/Content/Functions/Engine_MaterialFunctions03/Math/RemapValueRange.uexp" 956
"../../../Engine/Plugins/Interchange/Assets/Content/Functions/MF_Iridescence.uasset" 957
"../../../Engine/Plugins/Interchange/Assets/Content/Functions/MF_Iridescence.uexp" 958
"../../../Engine/Plugins/Interchange/Assets/Content/gltf/MaterialFunctions/MF_Fresnel_DS.uasset" 959
"../../../Engine/Plugins/Interchange/Assets/Content/gltf/MaterialFunctions/MF_Fresnel_DS.uexp" 960
"../../../Engine/Plugins/Interchange/Assets/Content/gltf/MaterialFunctions/MF_IOR.uasset" 961
"../../../Engine/Plugins/Interchange/Assets/Content/gltf/MaterialFunctions/MF_IOR.uexp" 962
"../../../Engine/Plugins/Interchange/Assets/Content/gltf/MaterialFunctions/MF_Iridescence.uasset" 963
"../../../Engine/Plugins/Interchange/Assets/Content/gltf/MaterialFunctions/MF_Iridescence.uexp" 964
"../../../Engine/Plugins/Interchange/Assets/Content/gltf/Textures/T_White_Linear.uasset" 965
"../../../Engine/Plugins/Interchange/Assets/Content/gltf/Textures/T_White_Linear.uexp" 966
"../../../Engine/Plugins/Interchange/Assets/Content/gltf/MaterialFunctions/MF_MetallicRoughness.uasset" 967
"../../../Engine/Plugins/Interchange/Assets/Content/gltf/MaterialFunctions/MF_MetallicRoughness.uexp" 968
"../../../Engine/Plugins/Interchange/Assets/Content/gltf/MaterialFunctions/MF_RotateNormals_TS.uasset" 969
"../../../Engine/Plugins/Interchange/Assets/Content/gltf/MaterialFunctions/MF_RotateNormals_TS.uexp" 970
"../../../Engine/Plugins/Interchange/Assets/Content/gltf/MaterialFunctions/MF_ScaleNormal.uasset" 971
"../../../Engine/Plugins/Interchange/Assets/Content/gltf/MaterialFunctions/MF_ScaleNormal.uexp" 972
"../../../Engine/Plugins/Interchange/Assets/Content/gltf/Textures/T_Generic_N.uasset" 973
"../../../Engine/Plugins/Interchange/Assets/Content/gltf/Textures/T_Generic_N.uexp" 974
"../../../Engine/Plugins/Interchange/Assets/Content/gltf/MaterialFunctions/MF_Normals.uasset" 975
"../../../Engine/Plugins/Interchange/Assets/Content/gltf/MaterialFunctions/MF_Normals.uexp" 976
"../../../Engine/Plugins/Interchange/Assets/Content/gltf/MaterialFunctions/MF_Occlusion.uasset" 977
"../../../Engine/Plugins/Interchange/Assets/Content/gltf/MaterialFunctions/MF_Occlusion.uexp" 978
"../../../Engine/Plugins/Interchange/Assets/Content/gltf/MaterialFunctions/MF_Specular.uasset" 979
"../../../Engine/Plugins/Interchange/Assets/Content/gltf/MaterialFunctions/MF_Specular.uexp" 980
"../../../Engine/Plugins/Interchange/Assets/Content/gltf/Textures/T_Anisotropy_Direction_Linear.uasset" 981
"../../../Engine/Plugins/Interchange/Assets/Content/gltf/Textures/T_Anisotropy_Direction_Linear.uexp" 982
"../../../Engine/Plugins/Interchange/Assets/Content/gltf/MaterialFunctions/MF_SpecularAnisotropy.uasset" 983
"../../../Engine/Plugins/Interchange/Assets/Content/gltf/MaterialFunctions/MF_SpecularAnisotropy.uexp" 984
"../../../Engine/Plugins/Interchange/Assets/Content/gltf/MaterialFunctions/MF_Temporal_Blur.uasset" 985
"../../../Engine/Plugins/Interchange/Assets/Content/gltf/MaterialFunctions/MF_Temporal_Blur.uexp" 986
"../../../Engine/Plugins/Interchange/Assets/Content/gltf/MaterialFunctions/MF_Transmission.uasset" 987
"../../../Engine/Plugins/Interchange/Assets/Content/gltf/MaterialFunctions/MF_Transmission.uexp" 988
"../../../Engine/Plugins/Interchange/Assets/Content/gltf/MaterialBodies/MF_Transmission_Body.uasset" 989
"../../../Engine/Plugins/Interchange/Assets/Content/gltf/MaterialBodies/MF_Transmission_Body.uexp" 990
"../../../Engine/Plugins/Interchange/Assets/Content/gltf/M_Transmission.uasset" 991
"../../../Engine/Plugins/Interchange/Assets/Content/gltf/M_Transmission.uexp" 992
"../../../Engine/Plugins/Interchange/Assets/Content/gltf/MaterialInstances/MI_Transmission_DS.uasset" 993
"../../../Engine/Plugins/Interchange/Assets/Content/gltf/MaterialInstances/MI_Transmission_DS.uexp" 994
"../../../Engine/Plugins/Interchange/Assets/Content/gltf/MaterialInstances/MI_Transmission.uasset" 995
"../../../Engine/Plugins/Interchange/Assets/Content/gltf/MaterialInstances/MI_Transmission.uexp" 996
"../../../Engine/Content/Functions/Engine_MaterialFunctions02/Math/AddComponents.uasset" 997
"../../../Engine/Content/Functions/Engine_MaterialFunctions02/Math/AddComponents.uexp" 998
"../../../Engine/Plugins/Interchange/Assets/Content/gltf/MaterialFunctions/MF_DiffuseSpecGloss.uasset" 999
"../../../Engine/Plugins/Interchange/Assets/Content/gltf/MaterialFunctions/MF_DiffuseSpecGloss.uexp" 1000
"../../../Engine/Plugins/Interchange/Assets/Content/gltf/MaterialFunctions/MF_Emissive.uasset" 1001
"../../../Engine/Plugins/Interchange/Assets/Content/gltf/MaterialFunctions/MF_Emissive.uexp" 1002
"../../../Engine/Plugins/Interchange/Assets/Content/gltf/MaterialFunctions/MF_MaxComponentValue.uasset" 1003
"../../../Engine/Plugins/Interchange/Assets/Content/gltf/MaterialFunctions/MF_MaxComponentValue.uexp" 1004
"../../../Engine/Plugins/Interchange/Assets/Content/gltf/MaterialFunctions/MF_PerceivedBrightness.uasset" 1005
"../../../Engine/Plugins/Interchange/Assets/Content/gltf/MaterialFunctions/MF_PerceivedBrightness.uexp" 1006
"../../../Engine/Plugins/Interchange/Assets/Content/gltf/MaterialFunctions/MF_SpecGlossToMetalRoughness.uasset" 1007
"../../../Engine/Plugins/Interchange/Assets/Content/gltf/MaterialFunctions/MF_SpecGlossToMetalRoughness.uexp" 1008
"../../../Engine/Plugins/Interchange/Assets/Content/gltf/MaterialBodies/MF_SpecularGlossiness_Body.uasset" 1009
"../../../Engine/Plugins/Interchange/Assets/Content/gltf/MaterialBodies/MF_SpecularGlossiness_Body.uexp" 1010
"../../../Engine/Plugins/Interchange/Assets/Content/gltf/M_SpecularGlossiness.uasset" 1011
"../../../Engine/Plugins/Interchange/Assets/Content/gltf/M_SpecularGlossiness.uexp" 1012
"../../../Engine/Plugins/Interchange/Assets/Content/gltf/MaterialInstances/MI_SpecularGlossiness_Opaque_DS.uasset" 1013
"../../../Engine/Plugins/Interchange/Assets/Content/gltf/MaterialInstances/MI_SpecularGlossiness_Opaque_DS.uexp" 1014
"../../../Engine/Plugins/Interchange/Assets/Content/gltf/MaterialInstances/MI_SpecularGlossiness_Opaque.uasset" 1015
"../../../Engine/Plugins/Interchange/Assets/Content/gltf/MaterialInstances/MI_SpecularGlossiness_Opaque.uexp" 1016
"../../../Engine/Plugins/Interchange/Assets/Content/gltf/MaterialInstances/MI_SpecularGlossiness_Mask_DS.uasset" 1017
"../../../Engine/Plugins/Interchange/Assets/Content/gltf/MaterialInstances/MI_SpecularGlossiness_Mask_DS.uexp" 1018
"../../../Engine/Plugins/Interchange/Assets/Content/gltf/MaterialInstances/MI_SpecularGlossiness_Mask.uasset" 1019
"../../../Engine/Plugins/Interchange/Assets/Content/gltf/MaterialInstances/MI_SpecularGlossiness_Mask.uexp" 1020
"../../../Engine/Plugins/Interchange/Assets/Content/gltf/MaterialInstances/MI_SpecularGlossiness_Blend_DS.uasset" 1021
"../../../Engine/Plugins/Interchange/Assets/Content/gltf/MaterialInstances/MI_SpecularGlossiness_Blend_DS.uexp" 1022
"../../../Engine/Plugins/Interchange/Assets/Content/gltf/MaterialInstances/MI_SpecularGlossiness_Blend.uasset" 1023
"../../../Engine/Plugins/Interchange/Assets/Content/gltf/MaterialInstances/MI_SpecularGlossiness_Blend.uexp" 1024
"../../../Engine/Plugins/Interchange/Assets/Content/gltf/MaterialFunctions/MF_Sheen.uasset" 1025
"../../../Engine/Plugins/Interchange/Assets/Content/gltf/MaterialFunctions/MF_Sheen.uexp" 1026
"../../../Engine/Plugins/Interchange/Assets/Content/gltf/MaterialBodies/MF_Sheen_Body.uasset" 1027
"../../../Engine/Plugins/Interchange/Assets/Content/gltf/MaterialBodies/MF_Sheen_Body.uexp" 1028
"../../../Engine/Plugins/Interchange/Assets/Content/gltf/M_Sheen.uasset" 1029
"../../../Engine/Plugins/Interchange/Assets/Content/gltf/M_Sheen.uexp" 1030
"../../../Engine/Plugins/Interchange/Assets/Content/gltf/MaterialInstances/MI_Sheen_Opaque_DS.uasset" 1031
"../../../Engine/Plugins/Interchange/Assets/Content/gltf/MaterialInstances/MI_Sheen_Opaque_DS.uexp" 1032
"../../../Engine/Plugins/Interchange/Assets/Content/gltf/MaterialInstances/MI_Sheen_Opaque.uasset" 1033
"../../../Engine/Plugins/Interchange/Assets/Content/gltf/MaterialInstances/MI_Sheen_Opaque.uexp" 1034
"../../../Engine/Plugins/Interchange/Assets/Content/gltf/MaterialInstances/MI_Sheen_Mask_DS.uasset" 1035
"../../../Engine/Plugins/Interchange/Assets/Content/gltf/MaterialInstances/MI_Sheen_Mask_DS.uexp" 1036
"../../../Engine/Plugins/Interchange/Assets/Content/gltf/MaterialInstances/MI_Sheen_Mask.uasset" 1037
"../../../Engine/Plugins/Interchange/Assets/Content/gltf/MaterialInstances/MI_Sheen_Mask.uexp" 1038
"../../../Engine/Plugins/Interchange/Assets/Content/gltf/MaterialInstances/MI_Sheen_Blend_DS.uasset" 1039
"../../../Engine/Plugins/Interchange/Assets/Content/gltf/MaterialInstances/MI_Sheen_Blend_DS.uexp" 1040
"../../../Engine/Plugins/Interchange/Assets/Content/gltf/MaterialInstances/MI_Sheen_Blend.uasset" 1041
"../../../Engine/Plugins/Interchange/Assets/Content/gltf/MaterialInstances/MI_Sheen_Blend.uexp" 1042
"../../../Engine/Plugins/Interchange/Assets/Content/gltf/MaterialBodies/MF_Default_Body.uasset" 1043
"../../../Engine/Plugins/Interchange/Assets/Content/gltf/MaterialBodies/MF_Default_Body.uexp" 1044
"../../../Engine/Plugins/Interchange/Assets/Content/gltf/M_Default.uasset" 1045
"../../../Engine/Plugins/Interchange/Assets/Content/gltf/M_Default.uexp" 1046
"../../../Engine/Plugins/Interchange/Assets/Content/gltf/MaterialInstances/MI_Default_Opaque_DS.uasset" 1047
"../../../Engine/Plugins/Interchange/Assets/Content/gltf/MaterialInstances/MI_Default_Opaque_DS.uexp" 1048
"../../../Engine/Plugins/Interchange/Assets/Content/gltf/MaterialInstances/MI_Default_Opaque.uasset" 1049
"../../../Engine/Plugins/Interchange/Assets/Content/gltf/MaterialInstances/MI_Default_Opaque.uexp" 1050
"../../../Engine/Plugins/Interchange/Assets/Content/gltf/MaterialInstances/MI_Default_Mask_DS.uasset" 1051
"../../../Engine/Plugins/Interchange/Assets/Content/gltf/MaterialInstances/MI_Default_Mask_DS.uexp" 1052
"../../../Engine/Plugins/Interchange/Assets/Content/gltf/MaterialInstances/MI_Default_Mask.uasset" 1053
"../../../Engine/Plugins/Interchange/Assets/Content/gltf/MaterialInstances/MI_Default_Mask.uexp" 1054
"../../../Engine/Plugins/Interchange/Assets/Content/gltf/MaterialInstances/MI_Default_Blend_DS.uasset" 1055
"../../../Engine/Plugins/Interchange/Assets/Content/gltf/MaterialInstances/MI_Default_Blend_DS.uexp" 1056
"../../../Engine/Plugins/Interchange/Assets/Content/gltf/MaterialInstances/MI_Default_Blend.uasset" 1057
"../../../Engine/Plugins/Interchange/Assets/Content/gltf/MaterialInstances/MI_Default_Blend.uexp" 1058
"../../../Engine/Content/Functions/Engine_MaterialFunctions01/Texturing/FlattenNormal.uasset" 1059
"../../../Engine/Content/Functions/Engine_MaterialFunctions01/Texturing/FlattenNormal.uexp" 1060
"../../../Engine/Plugins/Interchange/Assets/Content/gltf/MaterialFunctions/MF_Clearcoat.uasset" 1061
"../../../Engine/Plugins/Interchange/Assets/Content/gltf/MaterialFunctions/MF_Clearcoat.uexp" 1062
"../../../Engine/Plugins/Interchange/Assets/Content/gltf/MaterialBodies/MF_ClearCoat_Body.uasset" 1063
"../../../Engine/Plugins/Interchange/Assets/Content/gltf/MaterialBodies/MF_ClearCoat_Body.uexp" 1064
"../../../Engine/Plugins/Interchange/Assets/Content/gltf/M_ClearCoat.uasset" 1065
"../../../Engine/Plugins/Interchange/Assets/Content/gltf/M_ClearCoat.uexp" 1066
"../../../Engine/Plugins/Interchange/Assets/Content/gltf/MaterialInstances/MI_ClearCoat_Opaque_DS.uasset" 1067
"../../../Engine/Plugins/Interchange/Assets/Content/gltf/MaterialInstances/MI_ClearCoat_Opaque_DS.uexp" 1068
"../../../Engine/Plugins/Interchange/Assets/Content/gltf/MaterialInstances/MI_ClearCoat_Opaque.uasset" 1069
"../../../Engine/Plugins/Interchange/Assets/Content/gltf/MaterialInstances/MI_ClearCoat_Opaque.uexp" 1070
"../../../Engine/Plugins/Interchange/Assets/Content/gltf/MaterialInstances/MI_ClearCoat_Mask_DS.uasset" 1071
"../../../Engine/Plugins/Interchange/Assets/Content/gltf/MaterialInstances/MI_ClearCoat_Mask_DS.uexp" 1072
"../../../Engine/Plugins/Interchange/Assets/Content/gltf/MaterialInstances/MI_ClearCoat_Mask.uasset" 1073
"../../../Engine/Plugins/Interchange/Assets/Content/gltf/MaterialInstances/MI_ClearCoat_Mask.uexp" 1074
"../../../Engine/Plugins/Interchange/Assets/Content/gltf/MaterialInstances/MI_ClearCoat_Blend_DS.uasset" 1075
"../../../Engine/Plugins/Interchange/Assets/Content/gltf/MaterialInstances/MI_ClearCoat_Blend_DS.uexp" 1076
"../../../Engine/Plugins/Interchange/Assets/Content/gltf/MaterialInstances/MI_ClearCoat_Blend.uasset" 1077
"../../../Engine/Plugins/Interchange/Assets/Content/gltf/MaterialInstances/MI_ClearCoat_Blend.uexp" 1078
"../../../Engine/Content/EngineMaterials/Substrate/Volume/SubstrateSimpleVolumeLUT3D.uasset" 1079
"../../../Engine/Content/EngineMaterials/Substrate/Volume/SubstrateSimpleVolumeLUT3D.uexp" 1080
"../../../Engine/Content/EngineMaterials/Substrate/Volume/SubstrateSimpleVolumeEnvLUT3D.uasset" 1081
"../../../Engine/Content/EngineMaterials/Substrate/Volume/SubstrateSimpleVolumeEnvLUT3D.uexp" 1082
"../../../Engine/Content/EngineMaterials/Substrate/Glints2/AGlintTex2dArray2.uasset" 1083
"../../../Engine/Content/EngineMaterials/Substrate/Glints2/AGlintTex2dArray2.uexp" 1084
"../../../Engine/Content/EngineMaterials/Substrate/GLints/AGlintTex2dArray.uasset" 1085
"../../../Engine/Content/EngineMaterials/Substrate/GLints/AGlintTex2dArray.uexp" 1086
"../../../Engine/Plugins/NNE/NNEDenoiser/Content/NNED_Oidn2-3_HighQuality_Alpha.uasset" 1087
"../../../Engine/Plugins/NNE/NNEDenoiser/Content/NNED_Oidn2-3_HighQuality_Alpha.uexp" 1088
"../../../Engine/Plugins/NNE/NNEDenoiser/Content/NNED_Oidn2-3_HighQuality.uasset" 1089
"../../../Engine/Plugins/NNE/NNEDenoiser/Content/NNED_Oidn2-3_HighQuality.uexp" 1090
"../../../Engine/Plugins/NNE/NNEDenoiser/Content/NNED_Oidn2-3_Fast_Alpha.uasset" 1091
"../../../Engine/Plugins/NNE/NNEDenoiser/Content/NNED_Oidn2-3_Fast_Alpha.uexp" 1092
"../../../Engine/Plugins/NNE/NNEDenoiser/Content/NNED_Oidn2-3_Fast.uasset" 1093
"../../../Engine/Plugins/NNE/NNEDenoiser/Content/NNED_Oidn2-3_Fast.uexp" 1094
"../../../Engine/Plugins/NNE/NNEDenoiser/Content/NNED_Oidn2-3_Balanced_Alpha.uasset" 1095
"../../../Engine/Plugins/NNE/NNEDenoiser/Content/NNED_Oidn2-3_Balanced_Alpha.uexp" 1096
"../../../Engine/Plugins/NNE/NNEDenoiser/Content/NNED_Oidn2-3_Balanced.uasset" 1097
"../../../Engine/Plugins/NNE/NNEDenoiser/Content/NNED_Oidn2-3_Balanced.uexp" 1098
"../../../Engine/Plugins/NNE/NNEDenoiser/Content/NNEDT_Oidn2-3_Balanced_Alpha.uasset" 1099
"../../../Engine/Plugins/NNE/NNEDenoiser/Content/NNEDT_Oidn2-3_Balanced_Alpha.uexp" 1100
"../../../Engine/Plugins/NNE/NNEDenoiser/Content/NNEDT_Oidn2-3_Balanced.uasset" 1101
"../../../Engine/Plugins/NNE/NNEDenoiser/Content/NNEDT_Oidn2-3_Balanced.uexp" 1102
"../../../Engine/Plugins/Animation/DeformerGraph/Content/DeformerFunctions/DG_Function_LinearBlendSkin_Morph_Cloth_PositionOnly.uasset" 1103
"../../../Engine/Plugins/Animation/DeformerGraph/Content/DeformerFunctions/DG_Function_LinearBlendSkin_Morph_Cloth_PositionOnly.uexp" 1104
"../../../Engine/Plugins/Animation/DeformerGraph/Content/DeformerFunctions/DG_Function_ComputeNormalsTangents.uasset" 1105
"../../../Engine/Plugins/Animation/DeformerGraph/Content/DeformerFunctions/DG_Function_ComputeNormalsTangents.uexp" 1106
"../../../Engine/Plugins/Animation/DeformerGraph/Content/Deformers/DG_LinearBlendSkin_Morph_Cloth_RecomputeNormals.uasset" 1107
"../../../Engine/Plugins/Animation/DeformerGraph/Content/Deformers/DG_LinearBlendSkin_Morph_Cloth_RecomputeNormals.uexp" 1108
"../../../Engine/Plugins/Animation/DeformerGraph/Content/DeformerFunctions/DG_Function_LinearBlendSkin_Morph_Cloth.uasset" 1109
"../../../Engine/Plugins/Animation/DeformerGraph/Content/DeformerFunctions/DG_Function_LinearBlendSkin_Morph_Cloth.uexp" 1110
"../../../Engine/Plugins/Animation/DeformerGraph/Content/Deformers/DG_LinearBlendSkin_Morph_Cloth.uasset" 1111
"../../../Engine/Plugins/Animation/DeformerGraph/Content/Deformers/DG_LinearBlendSkin_Morph_Cloth.uexp" 1112
"D:/UEProjects/MO56/Content/MyStuff/WBP_MainMenu.uasset" 1113
"D:/UEProjects/MO56/Content/MyStuff/WBP_MainMenu.uexp" 1114
"D:/UEProjects/MO56/Content/MyStuff/BP_MenuPlayerController.uasset" 1115
"D:/UEProjects/MO56/Content/MyStuff/BP_MenuPlayerController.uexp" 1116
"D:/UEProjects/MO56/Content/MyStuff/BP_MenuGameMode.uasset" 1117
"D:/UEProjects/MO56/Content/MyStuff/BP_MenuGameMode.uexp" 1118
"D:/UEProjects/MO56/Content/MyStuff/LoadingScreen.uexp" 1119
"D:/UEProjects/MO56/Content/MyStuff/LoadingScreen.umap" 1120
"../../../Engine/Content/Maps/Entry_BuiltData.uasset" 1121
"../../../Engine/Content/Maps/Entry_BuiltData.uexp" 1122
"../../../Engine/Content/Maps/Entry.uexp" 1123
"../../../Engine/Content/Maps/Entry.umap" 1124
